{"D:\\Capstone\\Scrolla\\server\\middleware\\auth.js": {"path":"D:\\Capstone\\Scrolla\\server\\middleware\\auth.js","statementMap":{"0":{"start":{"line":4,"column":23},"end":{"line":31,"column":1}},"1":{"start":{"line":8,"column":4},"end":{"line":30,"column":5}},"2":{"start":{"line":9,"column":8},"end":{"line":27,"column":9}},"3":{"start":{"line":11,"column":12},"end":{"line":11,"column":60}},"4":{"start":{"line":14,"column":28},"end":{"line":14,"column":69}},"5":{"start":{"line":17,"column":12},"end":{"line":17,"column":75}},"6":{"start":{"line":19,"column":12},"end":{"line":21,"column":13}},"7":{"start":{"line":20,"column":16},"end":{"line":20,"column":75}},"8":{"start":{"line":23,"column":12},"end":{"line":23,"column":19}},"9":{"start":{"line":25,"column":12},"end":{"line":25,"column":59}},"10":{"start":{"line":26,"column":12},"end":{"line":26,"column":85}},"11":{"start":{"line":28,"column":11},"end":{"line":30,"column":5}},"12":{"start":{"line":29,"column":8},"end":{"line":29,"column":77}}},"fnMap":{"0":{"name":"(anonymous_0)","decl":{"start":{"line":4,"column":23},"end":{"line":4,"column":24}},"loc":{"start":{"line":4,"column":49},"end":{"line":31,"column":1}},"line":4}},"branchMap":{"0":{"loc":{"start":{"line":8,"column":4},"end":{"line":30,"column":5}},"type":"if","locations":[{"start":{"line":8,"column":4},"end":{"line":30,"column":5}},{"start":{"line":28,"column":11},"end":{"line":30,"column":5}}],"line":8},"1":{"loc":{"start":{"line":8,"column":8},"end":{"line":8,"column":83}},"type":"binary-expr","locations":[{"start":{"line":8,"column":8},"end":{"line":8,"column":33}},{"start":{"line":8,"column":37},"end":{"line":8,"column":83}}],"line":8},"2":{"loc":{"start":{"line":19,"column":12},"end":{"line":21,"column":13}},"type":"if","locations":[{"start":{"line":19,"column":12},"end":{"line":21,"column":13}},{"start":{},"end":{}}],"line":19},"3":{"loc":{"start":{"line":28,"column":11},"end":{"line":30,"column":5}},"type":"if","locations":[{"start":{"line":28,"column":11},"end":{"line":30,"column":5}},{"start":{},"end":{}}],"line":28}},"s":{"0":0,"1":0,"2":0,"3":0,"4":0,"5":0,"6":0,"7":0,"8":0,"9":0,"10":0,"11":0,"12":0},"f":{"0":0},"b":{"0":[0,0],"1":[0,0],"2":[0,0],"3":[0,0]},"inputSourceMap":null}
,"D:\\Capstone\\Scrolla\\server\\middleware\\optionalAuth.js": {"path":"D:\\Capstone\\Scrolla\\server\\middleware\\optionalAuth.js","statementMap":{"0":{"start":{"line":10,"column":28},"end":{"line":22,"column":1}},"1":{"start":{"line":11,"column":4},"end":{"line":20,"column":5}},"2":{"start":{"line":12,"column":8},"end":{"line":16,"column":9}},"3":{"start":{"line":13,"column":26},"end":{"line":13,"column":65}},"4":{"start":{"line":14,"column":28},"end":{"line":14,"column":69}},"5":{"start":{"line":15,"column":12},"end":{"line":15,"column":75}},"6":{"start":{"line":19,"column":8},"end":{"line":19,"column":24}},"7":{"start":{"line":21,"column":4},"end":{"line":21,"column":11}}},"fnMap":{"0":{"name":"(anonymous_0)","decl":{"start":{"line":10,"column":28},"end":{"line":10,"column":29}},"loc":{"start":{"line":10,"column":54},"end":{"line":22,"column":1}},"line":10}},"branchMap":{"0":{"loc":{"start":{"line":12,"column":8},"end":{"line":16,"column":9}},"type":"if","locations":[{"start":{"line":12,"column":8},"end":{"line":16,"column":9}},{"start":{},"end":{}}],"line":12},"1":{"loc":{"start":{"line":12,"column":12},"end":{"line":12,"column":87}},"type":"binary-expr","locations":[{"start":{"line":12,"column":12},"end":{"line":12,"column":37}},{"start":{"line":12,"column":41},"end":{"line":12,"column":87}}],"line":12}},"s":{"0":0,"1":0,"2":0,"3":0,"4":0,"5":0,"6":0,"7":0},"f":{"0":0},"b":{"0":[0,0],"1":[0,0]},"inputSourceMap":null}
,"D:\\Capstone\\Scrolla\\server\\middleware\\rateLimiter.js": {"path":"D:\\Capstone\\Scrolla\\server\\middleware\\rateLimiter.js","statementMap":{"0":{"start":{"line":4,"column":30},"end":{"line":10,"column":2}},"1":{"start":{"line":13,"column":27},"end":{"line":19,"column":2}}},"fnMap":{},"branchMap":{},"s":{"0":0,"1":0},"f":{},"b":{},"inputSourceMap":null}
,"D:\\Capstone\\Scrolla\\server\\models\\Comment.js": {"path":"D:\\Capstone\\Scrolla\\server\\models\\Comment.js","statementMap":{"0":{"start":{"line":3,"column":22},"end":{"line":21,"column":2}},"1":{"start":{"line":24,"column":0},"end":{"line":24,"column":48}},"2":{"start":{"line":26,"column":16},"end":{"line":26,"column":56}}},"fnMap":{},"branchMap":{},"s":{"0":0,"1":0,"2":0},"f":{},"b":{},"inputSourceMap":null}
,"D:\\Capstone\\Scrolla\\server\\models\\FocusSession.js": {"path":"D:\\Capstone\\Scrolla\\server\\models\\FocusSession.js","statementMap":{"0":{"start":{"line":3,"column":27},"end":{"line":42,"column":2}},"1":{"start":{"line":44,"column":0},"end":{"line":44,"column":53}},"2":{"start":{"line":46,"column":21},"end":{"line":46,"column":71}}},"fnMap":{},"branchMap":{},"s":{"0":0,"1":0,"2":0},"f":{},"b":{},"inputSourceMap":null}
,"D:\\Capstone\\Scrolla\\server\\models\\Follow.js": {"path":"D:\\Capstone\\Scrolla\\server\\models\\Follow.js","statementMap":{"0":{"start":{"line":3,"column":21},"end":{"line":16,"column":2}},"1":{"start":{"line":19,"column":0},"end":{"line":19,"column":67}},"2":{"start":{"line":21,"column":0},"end":{"line":21,"column":36}},"3":{"start":{"line":22,"column":0},"end":{"line":22,"column":36}},"4":{"start":{"line":24,"column":15},"end":{"line":24,"column":53}}},"fnMap":{},"branchMap":{},"s":{"0":0,"1":0,"2":0,"3":0,"4":0},"f":{},"b":{},"inputSourceMap":null}
,"D:\\Capstone\\Scrolla\\server\\models\\HiddenPost.js": {"path":"D:\\Capstone\\Scrolla\\server\\models\\HiddenPost.js","statementMap":{"0":{"start":{"line":3,"column":25},"end":{"line":16,"column":2}},"1":{"start":{"line":18,"column":0},"end":{"line":18,"column":63}},"2":{"start":{"line":19,"column":0},"end":{"line":19,"column":36}},"3":{"start":{"line":21,"column":19},"end":{"line":21,"column":65}}},"fnMap":{},"branchMap":{},"s":{"0":0,"1":0,"2":0,"3":0},"f":{},"b":{},"inputSourceMap":null}
,"D:\\Capstone\\Scrolla\\server\\models\\Journey.js": {"path":"D:\\Capstone\\Scrolla\\server\\models\\Journey.js","statementMap":{"0":{"start":{"line":3,"column":22},"end":{"line":41,"column":2}},"1":{"start":{"line":44,"column":0},"end":{"line":44,"column":48}},"2":{"start":{"line":46,"column":16},"end":{"line":46,"column":56}}},"fnMap":{},"branchMap":{},"s":{"0":0,"1":0,"2":0},"f":{},"b":{},"inputSourceMap":null}
,"D:\\Capstone\\Scrolla\\server\\models\\JourneyHistory.js": {"path":"D:\\Capstone\\Scrolla\\server\\models\\JourneyHistory.js","statementMap":{"0":{"start":{"line":5,"column":29},"end":{"line":31,"column":2}},"1":{"start":{"line":34,"column":0},"end":{"line":34,"column":54}},"2":{"start":{"line":36,"column":0},"end":{"line":36,"column":70}},"3":{"start":{"line":38,"column":23},"end":{"line":38,"column":77}}},"fnMap":{},"branchMap":{},"s":{"0":0,"1":0,"2":0,"3":0},"f":{},"b":{},"inputSourceMap":null}
,"D:\\Capstone\\Scrolla\\server\\models\\JourneyMember.js": {"path":"D:\\Capstone\\Scrolla\\server\\models\\JourneyMember.js","statementMap":{"0":{"start":{"line":3,"column":28},"end":{"line":21,"column":2}},"1":{"start":{"line":25,"column":0},"end":{"line":25,"column":69}},"2":{"start":{"line":27,"column":0},"end":{"line":27,"column":54}},"3":{"start":{"line":29,"column":0},"end":{"line":29,"column":51}},"4":{"start":{"line":31,"column":22},"end":{"line":31,"column":74}}},"fnMap":{},"branchMap":{},"s":{"0":0,"1":0,"2":0,"3":0,"4":0},"f":{},"b":{},"inputSourceMap":null}
,"D:\\Capstone\\Scrolla\\server\\models\\Like.js": {"path":"D:\\Capstone\\Scrolla\\server\\models\\Like.js","statementMap":{"0":{"start":{"line":3,"column":19},"end":{"line":16,"column":2}},"1":{"start":{"line":19,"column":0},"end":{"line":19,"column":57}},"2":{"start":{"line":21,"column":0},"end":{"line":21,"column":30}},"3":{"start":{"line":22,"column":0},"end":{"line":22,"column":30}},"4":{"start":{"line":24,"column":13},"end":{"line":24,"column":47}}},"fnMap":{},"branchMap":{},"s":{"0":0,"1":0,"2":0,"3":0,"4":0},"f":{},"b":{},"inputSourceMap":null}
,"D:\\Capstone\\Scrolla\\server\\models\\MoodLog.js": {"path":"D:\\Capstone\\Scrolla\\server\\models\\MoodLog.js","statementMap":{"0":{"start":{"line":3,"column":14},"end":{"line":3,"column":92}},"1":{"start":{"line":4,"column":21},"end":{"line":4,"column":65}},"2":{"start":{"line":6,"column":22},"end":{"line":46,"column":2}},"3":{"start":{"line":51,"column":27},"end":{"line":60,"column":1}},"4":{"start":{"line":62,"column":27},"end":{"line":71,"column":1}},"5":{"start":{"line":73,"column":16},"end":{"line":73,"column":56}}},"fnMap":{},"branchMap":{},"s":{"0":1,"1":1,"2":1,"3":1,"4":1,"5":1},"f":{},"b":{},"inputSourceMap":null,"_coverageSchema":"1a1c01bbd47fc00a2c39e90264f33305004495a9","hash":"ec523f58d5fe6d54aa865e34adfd2a64d876d696"}
,"D:\\Capstone\\Scrolla\\server\\models\\Notification.js": {"path":"D:\\Capstone\\Scrolla\\server\\models\\Notification.js","statementMap":{"0":{"start":{"line":3,"column":27},"end":{"line":44,"column":2}},"1":{"start":{"line":47,"column":0},"end":{"line":47,"column":58}},"2":{"start":{"line":49,"column":21},"end":{"line":49,"column":71}}},"fnMap":{},"branchMap":{},"s":{"0":0,"1":0,"2":0},"f":{},"b":{},"inputSourceMap":null}
,"D:\\Capstone\\Scrolla\\server\\models\\Post.js": {"path":"D:\\Capstone\\Scrolla\\server\\models\\Post.js","statementMap":{"0":{"start":{"line":3,"column":19},"end":{"line":66,"column":2}},"1":{"start":{"line":69,"column":0},"end":{"line":69,"column":42}},"2":{"start":{"line":70,"column":0},"end":{"line":70,"column":34}},"3":{"start":{"line":71,"column":0},"end":{"line":71,"column":36}},"4":{"start":{"line":72,"column":0},"end":{"line":72,"column":47}},"5":{"start":{"line":73,"column":0},"end":{"line":73,"column":48}},"6":{"start":{"line":75,"column":13},"end":{"line":75,"column":47}}},"fnMap":{},"branchMap":{},"s":{"0":1,"1":1,"2":1,"3":1,"4":1,"5":1,"6":1},"f":{},"b":{},"inputSourceMap":null,"_coverageSchema":"1a1c01bbd47fc00a2c39e90264f33305004495a9","hash":"a184173e84e50d828cc5b1a7a447e27e584615fe"}
,"D:\\Capstone\\Scrolla\\server\\models\\ReportedPost.js": {"path":"D:\\Capstone\\Scrolla\\server\\models\\ReportedPost.js","statementMap":{"0":{"start":{"line":3,"column":27},"end":{"line":20,"column":2}},"1":{"start":{"line":22,"column":0},"end":{"line":22,"column":65}},"2":{"start":{"line":23,"column":0},"end":{"line":23,"column":38}},"3":{"start":{"line":25,"column":21},"end":{"line":25,"column":71}}},"fnMap":{},"branchMap":{},"s":{"0":0,"1":0,"2":0,"3":0},"f":{},"b":{},"inputSourceMap":null}
,"D:\\Capstone\\Scrolla\\server\\models\\SavedPost.js": {"path":"D:\\Capstone\\Scrolla\\server\\models\\SavedPost.js","statementMap":{"0":{"start":{"line":3,"column":24},"end":{"line":16,"column":2}},"1":{"start":{"line":18,"column":0},"end":{"line":18,"column":62}},"2":{"start":{"line":19,"column":0},"end":{"line":19,"column":50}},"3":{"start":{"line":21,"column":18},"end":{"line":21,"column":62}}},"fnMap":{},"branchMap":{},"s":{"0":0,"1":0,"2":0,"3":0},"f":{},"b":{},"inputSourceMap":null}
,"D:\\Capstone\\Scrolla\\server\\models\\SharedJourney.js": {"path":"D:\\Capstone\\Scrolla\\server\\models\\SharedJourney.js","statementMap":{"0":{"start":{"line":4,"column":28},"end":{"line":67,"column":2}},"1":{"start":{"line":71,"column":0},"end":{"line":73,"column":3}},"2":{"start":{"line":72,"column":4},"end":{"line":72,"column":56}},"3":{"start":{"line":76,"column":0},"end":{"line":76,"column":56}},"4":{"start":{"line":77,"column":0},"end":{"line":77,"column":57}},"5":{"start":{"line":78,"column":0},"end":{"line":78,"column":71}},"6":{"start":{"line":79,"column":0},"end":{"line":79,"column":77}},"7":{"start":{"line":82,"column":0},"end":{"line":84,"column":2}},"8":{"start":{"line":83,"column":4},"end":{"line":83,"column":63}},"9":{"start":{"line":86,"column":22},"end":{"line":86,"column":74}}},"fnMap":{"0":{"name":"(anonymous_0)","decl":{"start":{"line":71,"column":44},"end":{"line":71,"column":45}},"loc":{"start":{"line":71,"column":56},"end":{"line":73,"column":1}},"line":71},"1":{"name":"(anonymous_1)","decl":{"start":{"line":82,"column":49},"end":{"line":82,"column":50}},"loc":{"start":{"line":82,"column":61},"end":{"line":84,"column":1}},"line":82}},"branchMap":{"0":{"loc":{"start":{"line":72,"column":11},"end":{"line":72,"column":55}},"type":"binary-expr","locations":[{"start":{"line":72,"column":11},"end":{"line":72,"column":25}},{"start":{"line":72,"column":29},"end":{"line":72,"column":55}}],"line":72}},"s":{"0":0,"1":0,"2":0,"3":0,"4":0,"5":0,"6":0,"7":0,"8":0,"9":0},"f":{"0":0,"1":0},"b":{"0":[0,0]},"inputSourceMap":null}
,"D:\\Capstone\\Scrolla\\server\\models\\User.js": {"path":"D:\\Capstone\\Scrolla\\server\\models\\User.js","statementMap":{"0":{"start":{"line":4,"column":19},"end":{"line":59,"column":2}},"1":{"start":{"line":62,"column":0},"end":{"line":74,"column":3}},"2":{"start":{"line":63,"column":2},"end":{"line":65,"column":3}},"3":{"start":{"line":64,"column":4},"end":{"line":64,"column":18}},"4":{"start":{"line":67,"column":2},"end":{"line":73,"column":3}},"5":{"start":{"line":68,"column":17},"end":{"line":68,"column":41}},"6":{"start":{"line":69,"column":4},"end":{"line":69,"column":59}},"7":{"start":{"line":70,"column":4},"end":{"line":70,"column":11}},"8":{"start":{"line":72,"column":4},"end":{"line":72,"column":16}},"9":{"start":{"line":77,"column":0},"end":{"line":79,"column":2}},"10":{"start":{"line":78,"column":2},"end":{"line":78,"column":64}},"11":{"start":{"line":82,"column":0},"end":{"line":86,"column":2}},"12":{"start":{"line":83,"column":15},"end":{"line":83,"column":30}},"13":{"start":{"line":84,"column":2},"end":{"line":84,"column":23}},"14":{"start":{"line":85,"column":2},"end":{"line":85,"column":14}},"15":{"start":{"line":88,"column":13},"end":{"line":88,"column":47}}},"fnMap":{"0":{"name":"(anonymous_0)","decl":{"start":{"line":62,"column":23},"end":{"line":62,"column":24}},"loc":{"start":{"line":62,"column":45},"end":{"line":74,"column":1}},"line":62},"1":{"name":"(anonymous_1)","decl":{"start":{"line":77,"column":37},"end":{"line":77,"column":38}},"loc":{"start":{"line":77,"column":72},"end":{"line":79,"column":1}},"line":77},"2":{"name":"(anonymous_2)","decl":{"start":{"line":82,"column":28},"end":{"line":82,"column":29}},"loc":{"start":{"line":82,"column":40},"end":{"line":86,"column":1}},"line":82}},"branchMap":{"0":{"loc":{"start":{"line":63,"column":2},"end":{"line":65,"column":3}},"type":"if","locations":[{"start":{"line":63,"column":2},"end":{"line":65,"column":3}},{"start":{},"end":{}}],"line":63}},"s":{"0":3,"1":3,"2":65,"3":0,"4":65,"5":65,"6":65,"7":65,"8":0,"9":3,"10":2,"11":3,"12":0,"13":0,"14":0,"15":3},"f":{"0":65,"1":2,"2":0},"b":{"0":[0,65]},"inputSourceMap":null,"_coverageSchema":"1a1c01bbd47fc00a2c39e90264f33305004495a9","hash":"2d6259ca91d8bb963a7b154729d6a81d066cfa64"}
,"D:\\Capstone\\Scrolla\\server\\routes\\authRoutes.js": {"path":"D:\\Capstone\\Scrolla\\server\\routes\\authRoutes.js","statementMap":{"0":{"start":{"line":9,"column":15},"end":{"line":9,"column":31}},"1":{"start":{"line":12,"column":22},"end":{"line":16,"column":1}},"2":{"start":{"line":13,"column":4},"end":{"line":15,"column":7}},"3":{"start":{"line":21,"column":0},"end":{"line":62,"column":3}},"4":{"start":{"line":26,"column":19},"end":{"line":26,"column":40}},"5":{"start":{"line":27,"column":4},"end":{"line":29,"column":5}},"6":{"start":{"line":28,"column":8},"end":{"line":28,"column":64}},"7":{"start":{"line":31,"column":4},"end":{"line":61,"column":5}},"8":{"start":{"line":32,"column":46},"end":{"line":32,"column":54}},"9":{"start":{"line":35,"column":27},"end":{"line":35,"column":81}},"10":{"start":{"line":36,"column":8},"end":{"line":38,"column":9}},"11":{"start":{"line":37,"column":12},"end":{"line":37,"column":104}},"12":{"start":{"line":41,"column":23},"end":{"line":41,"column":84}},"13":{"start":{"line":42,"column":21},"end":{"line":47,"column":10}},"14":{"start":{"line":50,"column":8},"end":{"line":57,"column":11}},"15":{"start":{"line":59,"column":8},"end":{"line":59,"column":48}},"16":{"start":{"line":60,"column":8},"end":{"line":60,"column":78}},"17":{"start":{"line":67,"column":0},"end":{"line":113,"column":3}},"18":{"start":{"line":71,"column":19},"end":{"line":71,"column":40}},"19":{"start":{"line":72,"column":4},"end":{"line":74,"column":5}},"20":{"start":{"line":73,"column":8},"end":{"line":73,"column":64}},"21":{"start":{"line":76,"column":4},"end":{"line":112,"column":5}},"22":{"start":{"line":77,"column":36},"end":{"line":77,"column":44}},"23":{"start":{"line":80,"column":21},"end":{"line":80,"column":50}},"24":{"start":{"line":81,"column":8},"end":{"line":83,"column":9}},"25":{"start":{"line":82,"column":12},"end":{"line":82,"column":76}},"26":{"start":{"line":86,"column":8},"end":{"line":91,"column":9}},"27":{"start":{"line":87,"column":12},"end":{"line":90,"column":15}},"28":{"start":{"line":94,"column":24},"end":{"line":94,"column":60}},"29":{"start":{"line":95,"column":8},"end":{"line":97,"column":9}},"30":{"start":{"line":96,"column":12},"end":{"line":96,"column":76}},"31":{"start":{"line":100,"column":8},"end":{"line":108,"column":11}},"32":{"start":{"line":110,"column":8},"end":{"line":110,"column":45}},"33":{"start":{"line":111,"column":8},"end":{"line":111,"column":71}},"34":{"start":{"line":118,"column":0},"end":{"line":216,"column":3}},"35":{"start":{"line":119,"column":4},"end":{"line":215,"column":5}},"36":{"start":{"line":120,"column":26},"end":{"line":120,"column":34}},"37":{"start":{"line":122,"column":8},"end":{"line":124,"column":9}},"38":{"start":{"line":123,"column":12},"end":{"line":123,"column":81}},"39":{"start":{"line":127,"column":29},"end":{"line":127,"column":59}},"40":{"start":{"line":129,"column":8},"end":{"line":131,"column":9}},"41":{"start":{"line":130,"column":12},"end":{"line":130,"column":73}},"42":{"start":{"line":133,"column":51},"end":{"line":133,"column":68}},"43":{"start":{"line":136,"column":19},"end":{"line":136,"column":51}},"44":{"start":{"line":138,"column":8},"end":{"line":151,"column":9}},"45":{"start":{"line":140,"column":29},"end":{"line":140,"column":52}},"46":{"start":{"line":141,"column":12},"end":{"line":150,"column":15}},"47":{"start":{"line":154,"column":8},"end":{"line":154,"column":45}},"48":{"start":{"line":156,"column":8},"end":{"line":178,"column":9}},"49":{"start":{"line":159,"column":12},"end":{"line":177,"column":15}},"50":{"start":{"line":181,"column":23},"end":{"line":184,"column":36}},"51":{"start":{"line":187,"column":29},"end":{"line":187,"column":61}},"52":{"start":{"line":188,"column":8},"end":{"line":190,"column":9}},"53":{"start":{"line":189,"column":12},"end":{"line":189,"column":51}},"54":{"start":{"line":192,"column":8},"end":{"line":197,"column":11}},"55":{"start":{"line":200,"column":25},"end":{"line":200,"column":48}},"56":{"start":{"line":202,"column":8},"end":{"line":211,"column":11}},"57":{"start":{"line":213,"column":8},"end":{"line":213,"column":51}},"58":{"start":{"line":214,"column":8},"end":{"line":214,"column":87}},"59":{"start":{"line":221,"column":0},"end":{"line":277,"column":3}},"60":{"start":{"line":222,"column":4},"end":{"line":276,"column":5}},"61":{"start":{"line":223,"column":34},"end":{"line":223,"column":42}},"62":{"start":{"line":225,"column":8},"end":{"line":227,"column":9}},"63":{"start":{"line":226,"column":12},"end":{"line":226,"column":80}},"64":{"start":{"line":230,"column":29},"end":{"line":230,"column":59}},"65":{"start":{"line":232,"column":8},"end":{"line":234,"column":9}},"66":{"start":{"line":233,"column":12},"end":{"line":233,"column":73}},"67":{"start":{"line":236,"column":38},"end":{"line":236,"column":55}},"68":{"start":{"line":239,"column":29},"end":{"line":239,"column":56}},"69":{"start":{"line":240,"column":8},"end":{"line":242,"column":9}},"70":{"start":{"line":241,"column":12},"end":{"line":241,"column":71}},"71":{"start":{"line":245,"column":27},"end":{"line":245,"column":39}},"72":{"start":{"line":248,"column":8},"end":{"line":250,"column":9}},"73":{"start":{"line":249,"column":12},"end":{"line":249,"column":40}},"74":{"start":{"line":253,"column":21},"end":{"line":257,"column":9}},"75":{"start":{"line":260,"column":25},"end":{"line":260,"column":48}},"76":{"start":{"line":262,"column":8},"end":{"line":272,"column":11}},"77":{"start":{"line":274,"column":8},"end":{"line":274,"column":52}},"78":{"start":{"line":275,"column":8},"end":{"line":275,"column":82}},"79":{"start":{"line":282,"column":0},"end":{"line":304,"column":3}},"80":{"start":{"line":283,"column":4},"end":{"line":303,"column":5}},"81":{"start":{"line":284,"column":21},"end":{"line":286,"column":53}},"82":{"start":{"line":288,"column":8},"end":{"line":299,"column":11}},"83":{"start":{"line":301,"column":8},"end":{"line":301,"column":51}},"84":{"start":{"line":302,"column":8},"end":{"line":302,"column":75}}},"fnMap":{"0":{"name":"(anonymous_0)","decl":{"start":{"line":12,"column":22},"end":{"line":12,"column":23}},"loc":{"start":{"line":12,"column":30},"end":{"line":16,"column":1}},"line":12},"1":{"name":"(anonymous_1)","decl":{"start":{"line":25,"column":3},"end":{"line":25,"column":4}},"loc":{"start":{"line":25,"column":23},"end":{"line":62,"column":1}},"line":25},"2":{"name":"(anonymous_2)","decl":{"start":{"line":70,"column":3},"end":{"line":70,"column":4}},"loc":{"start":{"line":70,"column":23},"end":{"line":113,"column":1}},"line":70},"3":{"name":"(anonymous_3)","decl":{"start":{"line":118,"column":36},"end":{"line":118,"column":37}},"loc":{"start":{"line":118,"column":56},"end":{"line":216,"column":1}},"line":118},"4":{"name":"(anonymous_4)","decl":{"start":{"line":221,"column":49},"end":{"line":221,"column":50}},"loc":{"start":{"line":221,"column":69},"end":{"line":277,"column":1}},"line":221},"5":{"name":"(anonymous_5)","decl":{"start":{"line":282,"column":27},"end":{"line":282,"column":28}},"loc":{"start":{"line":282,"column":47},"end":{"line":304,"column":1}},"line":282}},"branchMap":{"0":{"loc":{"start":{"line":27,"column":4},"end":{"line":29,"column":5}},"type":"if","locations":[{"start":{"line":27,"column":4},"end":{"line":29,"column":5}},{"start":{},"end":{}}],"line":27},"1":{"loc":{"start":{"line":36,"column":8},"end":{"line":38,"column":9}},"type":"if","locations":[{"start":{"line":36,"column":8},"end":{"line":38,"column":9}},{"start":{},"end":{}}],"line":36},"2":{"loc":{"start":{"line":72,"column":4},"end":{"line":74,"column":5}},"type":"if","locations":[{"start":{"line":72,"column":4},"end":{"line":74,"column":5}},{"start":{},"end":{}}],"line":72},"3":{"loc":{"start":{"line":81,"column":8},"end":{"line":83,"column":9}},"type":"if","locations":[{"start":{"line":81,"column":8},"end":{"line":83,"column":9}},{"start":{},"end":{}}],"line":81},"4":{"loc":{"start":{"line":86,"column":8},"end":{"line":91,"column":9}},"type":"if","locations":[{"start":{"line":86,"column":8},"end":{"line":91,"column":9}},{"start":{},"end":{}}],"line":86},"5":{"loc":{"start":{"line":95,"column":8},"end":{"line":97,"column":9}},"type":"if","locations":[{"start":{"line":95,"column":8},"end":{"line":97,"column":9}},{"start":{},"end":{}}],"line":95},"6":{"loc":{"start":{"line":122,"column":8},"end":{"line":124,"column":9}},"type":"if","locations":[{"start":{"line":122,"column":8},"end":{"line":124,"column":9}},{"start":{},"end":{}}],"line":122},"7":{"loc":{"start":{"line":129,"column":8},"end":{"line":131,"column":9}},"type":"if","locations":[{"start":{"line":129,"column":8},"end":{"line":131,"column":9}},{"start":{},"end":{}}],"line":129},"8":{"loc":{"start":{"line":138,"column":8},"end":{"line":151,"column":9}},"type":"if","locations":[{"start":{"line":138,"column":8},"end":{"line":151,"column":9}},{"start":{},"end":{}}],"line":138},"9":{"loc":{"start":{"line":156,"column":8},"end":{"line":178,"column":9}},"type":"if","locations":[{"start":{"line":156,"column":8},"end":{"line":178,"column":9}},{"start":{},"end":{}}],"line":156},"10":{"loc":{"start":{"line":188,"column":8},"end":{"line":190,"column":9}},"type":"if","locations":[{"start":{"line":188,"column":8},"end":{"line":190,"column":9}},{"start":{},"end":{}}],"line":188},"11":{"loc":{"start":{"line":196,"column":20},"end":{"line":196,"column":92}},"type":"binary-expr","locations":[{"start":{"line":196,"column":20},"end":{"line":196,"column":27}},{"start":{"line":196,"column":31},"end":{"line":196,"column":92}}],"line":196},"12":{"loc":{"start":{"line":225,"column":8},"end":{"line":227,"column":9}},"type":"if","locations":[{"start":{"line":225,"column":8},"end":{"line":227,"column":9}},{"start":{},"end":{}}],"line":225},"13":{"loc":{"start":{"line":225,"column":12},"end":{"line":225,"column":29}},"type":"binary-expr","locations":[{"start":{"line":225,"column":12},"end":{"line":225,"column":19}},{"start":{"line":225,"column":23},"end":{"line":225,"column":29}}],"line":225},"14":{"loc":{"start":{"line":232,"column":8},"end":{"line":234,"column":9}},"type":"if","locations":[{"start":{"line":232,"column":8},"end":{"line":234,"column":9}},{"start":{},"end":{}}],"line":232},"15":{"loc":{"start":{"line":240,"column":8},"end":{"line":242,"column":9}},"type":"if","locations":[{"start":{"line":240,"column":8},"end":{"line":242,"column":9}},{"start":{},"end":{}}],"line":240},"16":{"loc":{"start":{"line":248,"column":8},"end":{"line":250,"column":9}},"type":"if","locations":[{"start":{"line":248,"column":8},"end":{"line":250,"column":9}},{"start":{},"end":{}}],"line":248},"17":{"loc":{"start":{"line":248,"column":12},"end":{"line":248,"column":86}},"type":"binary-expr","locations":[{"start":{"line":248,"column":12},"end":{"line":248,"column":19}},{"start":{"line":248,"column":23},"end":{"line":248,"column":42}},{"start":{"line":248,"column":46},"end":{"line":248,"column":86}}],"line":248}},"s":{"0":0,"1":0,"2":0,"3":0,"4":0,"5":0,"6":0,"7":0,"8":0,"9":0,"10":0,"11":0,"12":0,"13":0,"14":0,"15":0,"16":0,"17":0,"18":0,"19":0,"20":0,"21":0,"22":0,"23":0,"24":0,"25":0,"26":0,"27":0,"28":0,"29":0,"30":0,"31":0,"32":0,"33":0,"34":0,"35":0,"36":0,"37":0,"38":0,"39":0,"40":0,"41":0,"42":0,"43":0,"44":0,"45":0,"46":0,"47":0,"48":0,"49":0,"50":0,"51":0,"52":0,"53":0,"54":0,"55":0,"56":0,"57":0,"58":0,"59":0,"60":0,"61":0,"62":0,"63":0,"64":0,"65":0,"66":0,"67":0,"68":0,"69":0,"70":0,"71":0,"72":0,"73":0,"74":0,"75":0,"76":0,"77":0,"78":0,"79":0,"80":0,"81":0,"82":0,"83":0,"84":0},"f":{"0":0,"1":0,"2":0,"3":0,"4":0,"5":0},"b":{"0":[0,0],"1":[0,0],"2":[0,0],"3":[0,0],"4":[0,0],"5":[0,0],"6":[0,0],"7":[0,0],"8":[0,0],"9":[0,0],"10":[0,0],"11":[0,0],"12":[0,0],"13":[0,0],"14":[0,0],"15":[0,0],"16":[0,0],"17":[0,0,0]},"inputSourceMap":null}
,"D:\\Capstone\\Scrolla\\server\\routes\\commentRoutes.js": {"path":"D:\\Capstone\\Scrolla\\server\\routes\\commentRoutes.js","statementMap":{"0":{"start":{"line":7,"column":15},"end":{"line":7,"column":31}},"1":{"start":{"line":12,"column":0},"end":{"line":23,"column":3}},"2":{"start":{"line":13,"column":4},"end":{"line":22,"column":5}},"3":{"start":{"line":14,"column":25},"end":{"line":16,"column":36}},"4":{"start":{"line":18,"column":8},"end":{"line":18,"column":27}},"5":{"start":{"line":20,"column":8},"end":{"line":20,"column":52}},"6":{"start":{"line":21,"column":8},"end":{"line":21,"column":76}},"7":{"start":{"line":28,"column":0},"end":{"line":71,"column":3}},"8":{"start":{"line":31,"column":4},"end":{"line":31,"column":90}},"9":{"start":{"line":32,"column":4},"end":{"line":32,"column":46}},"10":{"start":{"line":33,"column":19},"end":{"line":33,"column":40}},"11":{"start":{"line":34,"column":4},"end":{"line":36,"column":5}},"12":{"start":{"line":35,"column":8},"end":{"line":35,"column":64}},"13":{"start":{"line":38,"column":4},"end":{"line":70,"column":5}},"14":{"start":{"line":39,"column":21},"end":{"line":39,"column":59}},"15":{"start":{"line":41,"column":8},"end":{"line":43,"column":9}},"16":{"start":{"line":42,"column":12},"end":{"line":42,"column":71}},"17":{"start":{"line":45,"column":24},"end":{"line":49,"column":10}},"18":{"start":{"line":52,"column":8},"end":{"line":54,"column":9}},"19":{"start":{"line":53,"column":12},"end":{"line":53,"column":31}},"20":{"start":{"line":57,"column":8},"end":{"line":57,"column":40}},"21":{"start":{"line":58,"column":8},"end":{"line":58,"column":49}},"22":{"start":{"line":59,"column":8},"end":{"line":59,"column":26}},"23":{"start":{"line":60,"column":8},"end":{"line":60,"column":78}},"24":{"start":{"line":63,"column":33},"end":{"line":64,"column":50}},"25":{"start":{"line":66,"column":8},"end":{"line":66,"column":47}},"26":{"start":{"line":68,"column":8},"end":{"line":68,"column":51}},"27":{"start":{"line":69,"column":8},"end":{"line":69,"column":73}},"28":{"start":{"line":76,"column":0},"end":{"line":107,"column":3}},"29":{"start":{"line":79,"column":19},"end":{"line":79,"column":40}},"30":{"start":{"line":80,"column":4},"end":{"line":82,"column":5}},"31":{"start":{"line":81,"column":8},"end":{"line":81,"column":64}},"32":{"start":{"line":84,"column":4},"end":{"line":106,"column":5}},"33":{"start":{"line":85,"column":24},"end":{"line":85,"column":61}},"34":{"start":{"line":87,"column":8},"end":{"line":89,"column":9}},"35":{"start":{"line":88,"column":12},"end":{"line":88,"column":74}},"36":{"start":{"line":92,"column":8},"end":{"line":94,"column":9}},"37":{"start":{"line":93,"column":12},"end":{"line":93,"column":92}},"38":{"start":{"line":96,"column":8},"end":{"line":96,"column":43}},"39":{"start":{"line":97,"column":8},"end":{"line":97,"column":29}},"40":{"start":{"line":99,"column":31},"end":{"line":100,"column":50}},"41":{"start":{"line":102,"column":8},"end":{"line":102,"column":33}},"42":{"start":{"line":104,"column":8},"end":{"line":104,"column":54}},"43":{"start":{"line":105,"column":8},"end":{"line":105,"column":75}},"44":{"start":{"line":112,"column":0},"end":{"line":140,"column":3}},"45":{"start":{"line":113,"column":4},"end":{"line":139,"column":5}},"46":{"start":{"line":114,"column":24},"end":{"line":114,"column":61}},"47":{"start":{"line":116,"column":8},"end":{"line":118,"column":9}},"48":{"start":{"line":117,"column":12},"end":{"line":117,"column":74}},"49":{"start":{"line":121,"column":8},"end":{"line":123,"column":9}},"50":{"start":{"line":122,"column":12},"end":{"line":122,"column":94}},"51":{"start":{"line":126,"column":21},"end":{"line":126,"column":54}},"52":{"start":{"line":127,"column":8},"end":{"line":131,"column":9}},"53":{"start":{"line":128,"column":12},"end":{"line":128,"column":86}},"54":{"start":{"line":128,"column":54},"end":{"line":128,"column":84}},"55":{"start":{"line":129,"column":12},"end":{"line":129,"column":53}},"56":{"start":{"line":130,"column":12},"end":{"line":130,"column":30}},"57":{"start":{"line":133,"column":8},"end":{"line":133,"column":34}},"58":{"start":{"line":135,"column":8},"end":{"line":135,"column":62}},"59":{"start":{"line":137,"column":8},"end":{"line":137,"column":54}},"60":{"start":{"line":138,"column":8},"end":{"line":138,"column":75}}},"fnMap":{"0":{"name":"(anonymous_0)","decl":{"start":{"line":12,"column":32},"end":{"line":12,"column":33}},"loc":{"start":{"line":12,"column":52},"end":{"line":23,"column":1}},"line":12},"1":{"name":"(anonymous_1)","decl":{"start":{"line":30,"column":3},"end":{"line":30,"column":4}},"loc":{"start":{"line":30,"column":23},"end":{"line":71,"column":1}},"line":30},"2":{"name":"(anonymous_2)","decl":{"start":{"line":78,"column":3},"end":{"line":78,"column":4}},"loc":{"start":{"line":78,"column":23},"end":{"line":107,"column":1}},"line":78},"3":{"name":"(anonymous_3)","decl":{"start":{"line":112,"column":31},"end":{"line":112,"column":32}},"loc":{"start":{"line":112,"column":51},"end":{"line":140,"column":1}},"line":112},"4":{"name":"(anonymous_4)","decl":{"start":{"line":128,"column":49},"end":{"line":128,"column":50}},"loc":{"start":{"line":128,"column":54},"end":{"line":128,"column":84}},"line":128}},"branchMap":{"0":{"loc":{"start":{"line":34,"column":4},"end":{"line":36,"column":5}},"type":"if","locations":[{"start":{"line":34,"column":4},"end":{"line":36,"column":5}},{"start":{},"end":{}}],"line":34},"1":{"loc":{"start":{"line":41,"column":8},"end":{"line":43,"column":9}},"type":"if","locations":[{"start":{"line":41,"column":8},"end":{"line":43,"column":9}},{"start":{},"end":{}}],"line":41},"2":{"loc":{"start":{"line":52,"column":8},"end":{"line":54,"column":9}},"type":"if","locations":[{"start":{"line":52,"column":8},"end":{"line":54,"column":9}},{"start":{},"end":{}}],"line":52},"3":{"loc":{"start":{"line":80,"column":4},"end":{"line":82,"column":5}},"type":"if","locations":[{"start":{"line":80,"column":4},"end":{"line":82,"column":5}},{"start":{},"end":{}}],"line":80},"4":{"loc":{"start":{"line":87,"column":8},"end":{"line":89,"column":9}},"type":"if","locations":[{"start":{"line":87,"column":8},"end":{"line":89,"column":9}},{"start":{},"end":{}}],"line":87},"5":{"loc":{"start":{"line":92,"column":8},"end":{"line":94,"column":9}},"type":"if","locations":[{"start":{"line":92,"column":8},"end":{"line":94,"column":9}},{"start":{},"end":{}}],"line":92},"6":{"loc":{"start":{"line":116,"column":8},"end":{"line":118,"column":9}},"type":"if","locations":[{"start":{"line":116,"column":8},"end":{"line":118,"column":9}},{"start":{},"end":{}}],"line":116},"7":{"loc":{"start":{"line":121,"column":8},"end":{"line":123,"column":9}},"type":"if","locations":[{"start":{"line":121,"column":8},"end":{"line":123,"column":9}},{"start":{},"end":{}}],"line":121},"8":{"loc":{"start":{"line":127,"column":8},"end":{"line":131,"column":9}},"type":"if","locations":[{"start":{"line":127,"column":8},"end":{"line":131,"column":9}},{"start":{},"end":{}}],"line":127}},"s":{"0":0,"1":0,"2":0,"3":0,"4":0,"5":0,"6":0,"7":0,"8":0,"9":0,"10":0,"11":0,"12":0,"13":0,"14":0,"15":0,"16":0,"17":0,"18":0,"19":0,"20":0,"21":0,"22":0,"23":0,"24":0,"25":0,"26":0,"27":0,"28":0,"29":0,"30":0,"31":0,"32":0,"33":0,"34":0,"35":0,"36":0,"37":0,"38":0,"39":0,"40":0,"41":0,"42":0,"43":0,"44":0,"45":0,"46":0,"47":0,"48":0,"49":0,"50":0,"51":0,"52":0,"53":0,"54":0,"55":0,"56":0,"57":0,"58":0,"59":0,"60":0},"f":{"0":0,"1":0,"2":0,"3":0,"4":0},"b":{"0":[0,0],"1":[0,0],"2":[0,0],"3":[0,0],"4":[0,0],"5":[0,0],"6":[0,0],"7":[0,0],"8":[0,0]},"inputSourceMap":null}
,"D:\\Capstone\\Scrolla\\server\\routes\\focusSessionRoutes.js": {"path":"D:\\Capstone\\Scrolla\\server\\routes\\focusSessionRoutes.js","statementMap":{"0":{"start":{"line":6,"column":15},"end":{"line":6,"column":31}},"1":{"start":{"line":11,"column":0},"end":{"line":36,"column":3}},"2":{"start":{"line":16,"column":19},"end":{"line":16,"column":40}},"3":{"start":{"line":17,"column":4},"end":{"line":19,"column":5}},"4":{"start":{"line":18,"column":8},"end":{"line":18,"column":64}},"5":{"start":{"line":21,"column":4},"end":{"line":35,"column":5}},"6":{"start":{"line":22,"column":44},"end":{"line":22,"column":52}},"7":{"start":{"line":24,"column":24},"end":{"line":29,"column":10}},"8":{"start":{"line":31,"column":8},"end":{"line":31,"column":38}},"9":{"start":{"line":33,"column":8},"end":{"line":33,"column":59}},"10":{"start":{"line":34,"column":8},"end":{"line":34,"column":81}},"11":{"start":{"line":41,"column":0},"end":{"line":68,"column":3}},"12":{"start":{"line":42,"column":4},"end":{"line":67,"column":5}},"13":{"start":{"line":43,"column":24},"end":{"line":43,"column":73}},"14":{"start":{"line":45,"column":8},"end":{"line":47,"column":9}},"15":{"start":{"line":46,"column":12},"end":{"line":46,"column":74}},"16":{"start":{"line":49,"column":8},"end":{"line":51,"column":9}},"17":{"start":{"line":50,"column":12},"end":{"line":50,"column":71}},"18":{"start":{"line":53,"column":24},"end":{"line":61,"column":9}},"19":{"start":{"line":63,"column":8},"end":{"line":63,"column":26}},"20":{"start":{"line":65,"column":8},"end":{"line":65,"column":62}},"21":{"start":{"line":66,"column":8},"end":{"line":66,"column":83}},"22":{"start":{"line":73,"column":0},"end":{"line":87,"column":3}},"23":{"start":{"line":74,"column":4},"end":{"line":86,"column":5}},"24":{"start":{"line":75,"column":25},"end":{"line":80,"column":19}},"25":{"start":{"line":82,"column":8},"end":{"line":82,"column":27}},"26":{"start":{"line":84,"column":8},"end":{"line":84,"column":65}},"27":{"start":{"line":85,"column":8},"end":{"line":85,"column":83}}},"fnMap":{"0":{"name":"(anonymous_0)","decl":{"start":{"line":15,"column":3},"end":{"line":15,"column":4}},"loc":{"start":{"line":15,"column":23},"end":{"line":36,"column":1}},"line":15},"1":{"name":"(anonymous_1)","decl":{"start":{"line":41,"column":37},"end":{"line":41,"column":38}},"loc":{"start":{"line":41,"column":57},"end":{"line":68,"column":1}},"line":41},"2":{"name":"(anonymous_2)","decl":{"start":{"line":73,"column":32},"end":{"line":73,"column":33}},"loc":{"start":{"line":73,"column":52},"end":{"line":87,"column":1}},"line":73}},"branchMap":{"0":{"loc":{"start":{"line":17,"column":4},"end":{"line":19,"column":5}},"type":"if","locations":[{"start":{"line":17,"column":4},"end":{"line":19,"column":5}},{"start":{},"end":{}}],"line":17},"1":{"loc":{"start":{"line":45,"column":8},"end":{"line":47,"column":9}},"type":"if","locations":[{"start":{"line":45,"column":8},"end":{"line":47,"column":9}},{"start":{},"end":{}}],"line":45},"2":{"loc":{"start":{"line":49,"column":8},"end":{"line":51,"column":9}},"type":"if","locations":[{"start":{"line":49,"column":8},"end":{"line":51,"column":9}},{"start":{},"end":{}}],"line":49},"3":{"loc":{"start":{"line":58,"column":20},"end":{"line":58,"column":81}},"type":"binary-expr","locations":[{"start":{"line":58,"column":20},"end":{"line":58,"column":40}},{"start":{"line":58,"column":44},"end":{"line":58,"column":81}}],"line":58}},"s":{"0":0,"1":0,"2":0,"3":0,"4":0,"5":0,"6":0,"7":0,"8":0,"9":0,"10":0,"11":0,"12":0,"13":0,"14":0,"15":0,"16":0,"17":0,"18":0,"19":0,"20":0,"21":0,"22":0,"23":0,"24":0,"25":0,"26":0,"27":0},"f":{"0":0,"1":0,"2":0},"b":{"0":[0,0],"1":[0,0],"2":[0,0],"3":[0,0]},"inputSourceMap":null}
,"D:\\Capstone\\Scrolla\\server\\routes\\journeyRoutes.js": {"path":"D:\\Capstone\\Scrolla\\server\\routes\\journeyRoutes.js","statementMap":{"0":{"start":{"line":6,"column":15},"end":{"line":6,"column":31}},"1":{"start":{"line":11,"column":0},"end":{"line":36,"column":3}},"2":{"start":{"line":16,"column":19},"end":{"line":16,"column":40}},"3":{"start":{"line":17,"column":4},"end":{"line":19,"column":5}},"4":{"start":{"line":18,"column":8},"end":{"line":18,"column":64}},"5":{"start":{"line":21,"column":4},"end":{"line":35,"column":5}},"6":{"start":{"line":22,"column":44},"end":{"line":22,"column":52}},"7":{"start":{"line":24,"column":24},"end":{"line":29,"column":10}},"8":{"start":{"line":31,"column":8},"end":{"line":31,"column":38}},"9":{"start":{"line":33,"column":8},"end":{"line":33,"column":53}},"10":{"start":{"line":34,"column":8},"end":{"line":34,"column":75}},"11":{"start":{"line":41,"column":0},"end":{"line":67,"column":3}},"12":{"start":{"line":42,"column":4},"end":{"line":66,"column":5}},"13":{"start":{"line":43,"column":24},"end":{"line":43,"column":61}},"14":{"start":{"line":45,"column":8},"end":{"line":47,"column":9}},"15":{"start":{"line":46,"column":12},"end":{"line":46,"column":74}},"16":{"start":{"line":50,"column":8},"end":{"line":52,"column":9}},"17":{"start":{"line":51,"column":12},"end":{"line":51,"column":71}},"18":{"start":{"line":54,"column":8},"end":{"line":54,"column":33}},"19":{"start":{"line":55,"column":8},"end":{"line":55,"column":37}},"20":{"start":{"line":56,"column":8},"end":{"line":58,"column":9}},"21":{"start":{"line":57,"column":12},"end":{"line":57,"column":55}},"22":{"start":{"line":60,"column":8},"end":{"line":60,"column":29}},"23":{"start":{"line":62,"column":8},"end":{"line":62,"column":26}},"24":{"start":{"line":64,"column":8},"end":{"line":64,"column":56}},"25":{"start":{"line":65,"column":8},"end":{"line":65,"column":77}},"26":{"start":{"line":72,"column":0},"end":{"line":83,"column":3}},"27":{"start":{"line":73,"column":4},"end":{"line":82,"column":5}},"28":{"start":{"line":74,"column":25},"end":{"line":76,"column":22}},"29":{"start":{"line":78,"column":8},"end":{"line":78,"column":27}},"30":{"start":{"line":80,"column":8},"end":{"line":80,"column":59}},"31":{"start":{"line":81,"column":8},"end":{"line":81,"column":83}}},"fnMap":{"0":{"name":"(anonymous_0)","decl":{"start":{"line":15,"column":3},"end":{"line":15,"column":4}},"loc":{"start":{"line":15,"column":23},"end":{"line":36,"column":1}},"line":15},"1":{"name":"(anonymous_1)","decl":{"start":{"line":41,"column":37},"end":{"line":41,"column":38}},"loc":{"start":{"line":41,"column":57},"end":{"line":67,"column":1}},"line":41},"2":{"name":"(anonymous_2)","decl":{"start":{"line":72,"column":32},"end":{"line":72,"column":33}},"loc":{"start":{"line":72,"column":52},"end":{"line":83,"column":1}},"line":72}},"branchMap":{"0":{"loc":{"start":{"line":17,"column":4},"end":{"line":19,"column":5}},"type":"if","locations":[{"start":{"line":17,"column":4},"end":{"line":19,"column":5}},{"start":{},"end":{}}],"line":17},"1":{"loc":{"start":{"line":45,"column":8},"end":{"line":47,"column":9}},"type":"if","locations":[{"start":{"line":45,"column":8},"end":{"line":47,"column":9}},{"start":{},"end":{}}],"line":45},"2":{"loc":{"start":{"line":50,"column":8},"end":{"line":52,"column":9}},"type":"if","locations":[{"start":{"line":50,"column":8},"end":{"line":52,"column":9}},{"start":{},"end":{}}],"line":50},"3":{"loc":{"start":{"line":56,"column":8},"end":{"line":58,"column":9}},"type":"if","locations":[{"start":{"line":56,"column":8},"end":{"line":58,"column":9}},{"start":{},"end":{}}],"line":56}},"s":{"0":0,"1":0,"2":0,"3":0,"4":0,"5":0,"6":0,"7":0,"8":0,"9":0,"10":0,"11":0,"12":0,"13":0,"14":0,"15":0,"16":0,"17":0,"18":0,"19":0,"20":0,"21":0,"22":0,"23":0,"24":0,"25":0,"26":0,"27":0,"28":0,"29":0,"30":0,"31":0},"f":{"0":0,"1":0,"2":0},"b":{"0":[0,0],"1":[0,0],"2":[0,0],"3":[0,0]},"inputSourceMap":null}
,"D:\\Capstone\\Scrolla\\server\\routes\\moodRoutes.js": {"path":"D:\\Capstone\\Scrolla\\server\\routes\\moodRoutes.js","statementMap":{"0":{"start":{"line":5,"column":15},"end":{"line":5,"column":31}},"1":{"start":{"line":8,"column":16},"end":{"line":9,"column":57}},"2":{"start":{"line":10,"column":14},"end":{"line":10,"column":31}},"3":{"start":{"line":11,"column":14},"end":{"line":11,"column":57}},"4":{"start":{"line":12,"column":14},"end":{"line":12,"column":52}},"5":{"start":{"line":13,"column":4},"end":{"line":13,"column":28}},"6":{"start":{"line":17,"column":23},"end":{"line":17,"column":43}},"7":{"start":{"line":18,"column":4},"end":{"line":18,"column":45}},"8":{"start":{"line":22,"column":16},"end":{"line":22,"column":27}},"9":{"start":{"line":23,"column":22},"end":{"line":23,"column":34}},"10":{"start":{"line":24,"column":19},"end":{"line":24,"column":32}},"11":{"start":{"line":25,"column":4},"end":{"line":25,"column":58}},"12":{"start":{"line":26,"column":4},"end":{"line":26,"column":32}},"13":{"start":{"line":28,"column":4},"end":{"line":32,"column":7}},"14":{"start":{"line":29,"column":20},"end":{"line":29,"column":36}},"15":{"start":{"line":30,"column":8},"end":{"line":30,"column":42}},"16":{"start":{"line":31,"column":8},"end":{"line":31,"column":37}},"17":{"start":{"line":36,"column":0},"end":{"line":59,"column":3}},"18":{"start":{"line":37,"column":4},"end":{"line":58,"column":5}},"19":{"start":{"line":38,"column":22},"end":{"line":38,"column":50}},"20":{"start":{"line":39,"column":20},"end":{"line":39,"column":104}},"21":{"start":{"line":41,"column":8},"end":{"line":43,"column":9}},"22":{"start":{"line":42,"column":12},"end":{"line":42,"column":67}},"23":{"start":{"line":45,"column":8},"end":{"line":54,"column":11}},"24":{"start":{"line":56,"column":8},"end":{"line":56,"column":48}},"25":{"start":{"line":57,"column":8},"end":{"line":57,"column":58}},"26":{"start":{"line":62,"column":0},"end":{"line":106,"column":3}},"27":{"start":{"line":63,"column":4},"end":{"line":105,"column":5}},"28":{"start":{"line":64,"column":26},"end":{"line":64,"column":50}},"29":{"start":{"line":66,"column":21},"end":{"line":69,"column":28}},"30":{"start":{"line":72,"column":23},"end":{"line":72,"column":25}},"31":{"start":{"line":73,"column":8},"end":{"line":76,"column":11}},"32":{"start":{"line":74,"column":12},"end":{"line":74,"column":53}},"33":{"start":{"line":74,"column":33},"end":{"line":74,"column":53}},"34":{"start":{"line":75,"column":12},"end":{"line":75,"column":35}},"35":{"start":{"line":78,"column":21},"end":{"line":99,"column":10}},"36":{"start":{"line":79,"column":28},"end":{"line":79,"column":46}},"37":{"start":{"line":80,"column":12},"end":{"line":98,"column":14}},"38":{"start":{"line":84,"column":42},"end":{"line":94,"column":17}},"39":{"start":{"line":101,"column":8},"end":{"line":101,"column":38}},"40":{"start":{"line":103,"column":8},"end":{"line":103,"column":47}},"41":{"start":{"line":104,"column":8},"end":{"line":104,"column":58}},"42":{"start":{"line":109,"column":0},"end":{"line":164,"column":3}},"43":{"start":{"line":110,"column":4},"end":{"line":163,"column":5}},"44":{"start":{"line":111,"column":24},"end":{"line":111,"column":87}},"45":{"start":{"line":114,"column":30},"end":{"line":114,"column":85}},"46":{"start":{"line":114,"column":59},"end":{"line":114,"column":65}},"47":{"start":{"line":115,"column":27},"end":{"line":115,"column":47}},"48":{"start":{"line":118,"column":26},"end":{"line":118,"column":50}},"49":{"start":{"line":119,"column":29},"end":{"line":119,"column":76}},"50":{"start":{"line":119,"column":49},"end":{"line":119,"column":75}},"51":{"start":{"line":121,"column":26},"end":{"line":121,"column":28}},"52":{"start":{"line":122,"column":8},"end":{"line":122,"column":89}},"53":{"start":{"line":122,"column":36},"end":{"line":122,"column":85}},"54":{"start":{"line":123,"column":24},"end":{"line":125,"column":18}},"55":{"start":{"line":124,"column":55},"end":{"line":124,"column":66}},"56":{"start":{"line":128,"column":21},"end":{"line":128,"column":22}},"57":{"start":{"line":129,"column":8},"end":{"line":152,"column":9}},"58":{"start":{"line":130,"column":29},"end":{"line":130,"column":57}},"59":{"start":{"line":131,"column":34},"end":{"line":131,"column":44}},"60":{"start":{"line":132,"column":12},"end":{"line":132,"column":63}},"61":{"start":{"line":133,"column":33},"end":{"line":133,"column":64}},"62":{"start":{"line":139,"column":35},"end":{"line":139,"column":45}},"63":{"start":{"line":140,"column":31},"end":{"line":140,"column":35}},"64":{"start":{"line":142,"column":12},"end":{"line":151,"column":13}},"65":{"start":{"line":143,"column":33},"end":{"line":143,"column":67}},"66":{"start":{"line":144,"column":16},"end":{"line":150,"column":17}},"67":{"start":{"line":145,"column":20},"end":{"line":145,"column":29}},"68":{"start":{"line":146,"column":20},"end":{"line":146,"column":77}},"69":{"start":{"line":149,"column":20},"end":{"line":149,"column":41}},"70":{"start":{"line":154,"column":8},"end":{"line":159,"column":11}},"71":{"start":{"line":161,"column":8},"end":{"line":161,"column":48}},"72":{"start":{"line":162,"column":8},"end":{"line":162,"column":58}},"73":{"start":{"line":167,"column":0},"end":{"line":205,"column":3}},"74":{"start":{"line":168,"column":4},"end":{"line":204,"column":5}},"75":{"start":{"line":169,"column":64},"end":{"line":169,"column":72}},"76":{"start":{"line":170,"column":8},"end":{"line":170,"column":80}},"77":{"start":{"line":170,"column":19},"end":{"line":170,"column":80}},"78":{"start":{"line":172,"column":22},"end":{"line":172,"column":50}},"79":{"start":{"line":175,"column":8},"end":{"line":179,"column":9}},"80":{"start":{"line":176,"column":12},"end":{"line":176,"column":66}},"81":{"start":{"line":181,"column":20},"end":{"line":189,"column":10}},"82":{"start":{"line":191,"column":8},"end":{"line":200,"column":11}},"83":{"start":{"line":202,"column":8},"end":{"line":202,"column":46}},"84":{"start":{"line":203,"column":8},"end":{"line":203,"column":58}},"85":{"start":{"line":208,"column":0},"end":{"line":216,"column":3}},"86":{"start":{"line":209,"column":4},"end":{"line":215,"column":5}},"87":{"start":{"line":210,"column":22},"end":{"line":210,"column":50}},"88":{"start":{"line":211,"column":8},"end":{"line":211,"column":71}},"89":{"start":{"line":212,"column":8},"end":{"line":212,"column":45}},"90":{"start":{"line":214,"column":8},"end":{"line":214,"column":58}}},"fnMap":{"0":{"name":"getISTDateString","decl":{"start":{"line":7,"column":9},"end":{"line":7,"column":25}},"loc":{"start":{"line":7,"column":32},"end":{"line":14,"column":1}},"line":7},"1":{"name":"getISTNow","decl":{"start":{"line":16,"column":9},"end":{"line":16,"column":18}},"loc":{"start":{"line":16,"column":21},"end":{"line":19,"column":1}},"line":16},"2":{"name":"getCurrentISTWeekDates","decl":{"start":{"line":21,"column":9},"end":{"line":21,"column":31}},"loc":{"start":{"line":21,"column":34},"end":{"line":33,"column":1}},"line":21},"3":{"name":"(anonymous_3)","decl":{"start":{"line":28,"column":37},"end":{"line":28,"column":38}},"loc":{"start":{"line":28,"column":47},"end":{"line":32,"column":5}},"line":28},"4":{"name":"(anonymous_4)","decl":{"start":{"line":36,"column":30},"end":{"line":36,"column":31}},"loc":{"start":{"line":36,"column":50},"end":{"line":59,"column":1}},"line":36},"5":{"name":"(anonymous_5)","decl":{"start":{"line":62,"column":29},"end":{"line":62,"column":30}},"loc":{"start":{"line":62,"column":49},"end":{"line":106,"column":1}},"line":62},"6":{"name":"(anonymous_6)","decl":{"start":{"line":73,"column":21},"end":{"line":73,"column":22}},"loc":{"start":{"line":73,"column":26},"end":{"line":76,"column":9}},"line":73},"7":{"name":"(anonymous_7)","decl":{"start":{"line":78,"column":35},"end":{"line":78,"column":36}},"loc":{"start":{"line":78,"column":43},"end":{"line":99,"column":9}},"line":78},"8":{"name":"(anonymous_8)","decl":{"start":{"line":84,"column":34},"end":{"line":84,"column":35}},"loc":{"start":{"line":84,"column":42},"end":{"line":94,"column":17}},"line":84},"9":{"name":"(anonymous_9)","decl":{"start":{"line":109,"column":30},"end":{"line":109,"column":31}},"loc":{"start":{"line":109,"column":50},"end":{"line":164,"column":1}},"line":109},"10":{"name":"(anonymous_10)","decl":{"start":{"line":114,"column":54},"end":{"line":114,"column":55}},"loc":{"start":{"line":114,"column":59},"end":{"line":114,"column":65}},"line":114},"11":{"name":"(anonymous_11)","decl":{"start":{"line":119,"column":44},"end":{"line":119,"column":45}},"loc":{"start":{"line":119,"column":49},"end":{"line":119,"column":75}},"line":119},"12":{"name":"(anonymous_12)","decl":{"start":{"line":122,"column":29},"end":{"line":122,"column":30}},"loc":{"start":{"line":122,"column":34},"end":{"line":122,"column":87}},"line":122},"13":{"name":"(anonymous_13)","decl":{"start":{"line":124,"column":45},"end":{"line":124,"column":46}},"loc":{"start":{"line":124,"column":55},"end":{"line":124,"column":66}},"line":124},"14":{"name":"(anonymous_14)","decl":{"start":{"line":167,"column":26},"end":{"line":167,"column":27}},"loc":{"start":{"line":167,"column":46},"end":{"line":205,"column":1}},"line":167},"15":{"name":"(anonymous_15)","decl":{"start":{"line":208,"column":33},"end":{"line":208,"column":34}},"loc":{"start":{"line":208,"column":53},"end":{"line":216,"column":1}},"line":208}},"branchMap":{"0":{"loc":{"start":{"line":41,"column":8},"end":{"line":43,"column":9}},"type":"if","locations":[{"start":{"line":41,"column":8},"end":{"line":43,"column":9}},{"start":{},"end":{}}],"line":41},"1":{"loc":{"start":{"line":74,"column":12},"end":{"line":74,"column":53}},"type":"if","locations":[{"start":{"line":74,"column":12},"end":{"line":74,"column":53}},{"start":{},"end":{}}],"line":74},"2":{"loc":{"start":{"line":79,"column":28},"end":{"line":79,"column":46}},"type":"binary-expr","locations":[{"start":{"line":79,"column":28},"end":{"line":79,"column":40}},{"start":{"line":79,"column":44},"end":{"line":79,"column":46}}],"line":79},"3":{"loc":{"start":{"line":95,"column":22},"end":{"line":95,"column":82}},"type":"cond-expr","locations":[{"start":{"line":95,"column":43},"end":{"line":95,"column":75}},{"start":{"line":95,"column":78},"end":{"line":95,"column":82}}],"line":95},"4":{"loc":{"start":{"line":96,"column":23},"end":{"line":96,"column":96}},"type":"cond-expr","locations":[{"start":{"line":96,"column":44},"end":{"line":96,"column":89}},{"start":{"line":96,"column":92},"end":{"line":96,"column":96}}],"line":96},"5":{"loc":{"start":{"line":97,"column":23},"end":{"line":97,"column":96}},"type":"cond-expr","locations":[{"start":{"line":97,"column":44},"end":{"line":97,"column":89}},{"start":{"line":97,"column":92},"end":{"line":97,"column":96}}],"line":97},"6":{"loc":{"start":{"line":122,"column":57},"end":{"line":122,"column":79}},"type":"binary-expr","locations":[{"start":{"line":122,"column":57},"end":{"line":122,"column":74}},{"start":{"line":122,"column":78},"end":{"line":122,"column":79}}],"line":122},"7":{"loc":{"start":{"line":123,"column":24},"end":{"line":125,"column":18}},"type":"cond-expr","locations":[{"start":{"line":124,"column":14},"end":{"line":124,"column":73}},{"start":{"line":125,"column":14},"end":{"line":125,"column":18}}],"line":123},"8":{"loc":{"start":{"line":129,"column":8},"end":{"line":152,"column":9}},"type":"if","locations":[{"start":{"line":129,"column":8},"end":{"line":152,"column":9}},{"start":{},"end":{}}],"line":129},"9":{"loc":{"start":{"line":144,"column":16},"end":{"line":150,"column":17}},"type":"if","locations":[{"start":{"line":144,"column":16},"end":{"line":150,"column":17}},{"start":{"line":147,"column":23},"end":{"line":150,"column":17}}],"line":144},"10":{"loc":{"start":{"line":157,"column":26},"end":{"line":157,"column":63}},"type":"cond-expr","locations":[{"start":{"line":157,"column":36},"end":{"line":157,"column":56}},{"start":{"line":157,"column":59},"end":{"line":157,"column":63}}],"line":157},"11":{"loc":{"start":{"line":170,"column":8},"end":{"line":170,"column":80}},"type":"if","locations":[{"start":{"line":170,"column":8},"end":{"line":170,"column":80}},{"start":{},"end":{}}],"line":170},"12":{"loc":{"start":{"line":184,"column":18},"end":{"line":184,"column":28}},"type":"binary-expr","locations":[{"start":{"line":184,"column":18},"end":{"line":184,"column":22}},{"start":{"line":184,"column":26},"end":{"line":184,"column":28}}],"line":184},"13":{"loc":{"start":{"line":185,"column":20},"end":{"line":185,"column":31}},"type":"binary-expr","locations":[{"start":{"line":185,"column":20},"end":{"line":185,"column":26}},{"start":{"line":185,"column":30},"end":{"line":185,"column":31}}],"line":185},"14":{"loc":{"start":{"line":186,"column":23},"end":{"line":186,"column":47}},"type":"binary-expr","locations":[{"start":{"line":186,"column":23},"end":{"line":186,"column":32}},{"start":{"line":186,"column":36},"end":{"line":186,"column":47}}],"line":186},"15":{"loc":{"start":{"line":188,"column":26},"end":{"line":188,"column":47}},"type":"binary-expr","locations":[{"start":{"line":188,"column":26},"end":{"line":188,"column":38}},{"start":{"line":188,"column":42},"end":{"line":188,"column":47}}],"line":188}},"s":{"0":0,"1":0,"2":0,"3":0,"4":0,"5":0,"6":0,"7":0,"8":0,"9":0,"10":0,"11":0,"12":0,"13":0,"14":0,"15":0,"16":0,"17":0,"18":0,"19":0,"20":0,"21":0,"22":0,"23":0,"24":0,"25":0,"26":0,"27":0,"28":0,"29":0,"30":0,"31":0,"32":0,"33":0,"34":0,"35":0,"36":0,"37":0,"38":0,"39":0,"40":0,"41":0,"42":0,"43":0,"44":0,"45":0,"46":0,"47":0,"48":0,"49":0,"50":0,"51":0,"52":0,"53":0,"54":0,"55":0,"56":0,"57":0,"58":0,"59":0,"60":0,"61":0,"62":0,"63":0,"64":0,"65":0,"66":0,"67":0,"68":0,"69":0,"70":0,"71":0,"72":0,"73":0,"74":0,"75":0,"76":0,"77":0,"78":0,"79":0,"80":0,"81":0,"82":0,"83":0,"84":0,"85":0,"86":0,"87":0,"88":0,"89":0,"90":0},"f":{"0":0,"1":0,"2":0,"3":0,"4":0,"5":0,"6":0,"7":0,"8":0,"9":0,"10":0,"11":0,"12":0,"13":0,"14":0,"15":0},"b":{"0":[0,0],"1":[0,0],"2":[0,0],"3":[0,0],"4":[0,0],"5":[0,0],"6":[0,0],"7":[0,0],"8":[0,0],"9":[0,0],"10":[0,0],"11":[0,0],"12":[0,0],"13":[0,0],"14":[0,0],"15":[0,0]},"inputSourceMap":null}
,"D:\\Capstone\\Scrolla\\server\\routes\\notificationRoutes.js": {"path":"D:\\Capstone\\Scrolla\\server\\routes\\notificationRoutes.js","statementMap":{"0":{"start":{"line":10,"column":15},"end":{"line":10,"column":31}},"1":{"start":{"line":13,"column":24},"end":{"line":14,"column":52}},"2":{"start":{"line":14,"column":2},"end":{"line":14,"column":52}},"3":{"start":{"line":21,"column":0},"end":{"line":73,"column":3}},"4":{"start":{"line":22,"column":2},"end":{"line":72,"column":3}},"5":{"start":{"line":23,"column":26},"end":{"line":28,"column":13}},"6":{"start":{"line":30,"column":16},"end":{"line":30,"column":26}},"7":{"start":{"line":33,"column":30},"end":{"line":35,"column":29}},"8":{"start":{"line":34,"column":19},"end":{"line":34,"column":61}},"9":{"start":{"line":35,"column":16},"end":{"line":35,"column":28}},"10":{"start":{"line":37,"column":27},"end":{"line":37,"column":36}},"11":{"start":{"line":38,"column":4},"end":{"line":44,"column":5}},"12":{"start":{"line":39,"column":22},"end":{"line":42,"column":34}},"13":{"start":{"line":43,"column":6},"end":{"line":43,"column":72}},"14":{"start":{"line":43,"column":27},"end":{"line":43,"column":70}},"15":{"start":{"line":47,"column":21},"end":{"line":65,"column":6}},"16":{"start":{"line":48,"column":6},"end":{"line":57,"column":7}},"17":{"start":{"line":49,"column":8},"end":{"line":56,"column":10}},"18":{"start":{"line":58,"column":6},"end":{"line":63,"column":7}},"19":{"start":{"line":59,"column":8},"end":{"line":62,"column":10}},"20":{"start":{"line":64,"column":6},"end":{"line":64,"column":15}},"21":{"start":{"line":67,"column":24},"end":{"line":67,"column":62}},"22":{"start":{"line":67,"column":45},"end":{"line":67,"column":54}},"23":{"start":{"line":68,"column":4},"end":{"line":68,"column":55}},"24":{"start":{"line":70,"column":4},"end":{"line":70,"column":53}},"25":{"start":{"line":71,"column":4},"end":{"line":71,"column":77}},"26":{"start":{"line":80,"column":0},"end":{"line":91,"column":3}},"27":{"start":{"line":81,"column":2},"end":{"line":90,"column":3}},"28":{"start":{"line":82,"column":4},"end":{"line":85,"column":6}},"29":{"start":{"line":86,"column":4},"end":{"line":86,"column":48}},"30":{"start":{"line":88,"column":4},"end":{"line":88,"column":45}},"31":{"start":{"line":89,"column":4},"end":{"line":89,"column":54}},"32":{"start":{"line":98,"column":0},"end":{"line":109,"column":3}},"33":{"start":{"line":99,"column":2},"end":{"line":108,"column":3}},"34":{"start":{"line":100,"column":4},"end":{"line":103,"column":6}},"35":{"start":{"line":104,"column":4},"end":{"line":104,"column":44}},"36":{"start":{"line":106,"column":4},"end":{"line":106,"column":45}},"37":{"start":{"line":107,"column":4},"end":{"line":107,"column":54}},"38":{"start":{"line":116,"column":0},"end":{"line":137,"column":3}},"39":{"start":{"line":117,"column":2},"end":{"line":136,"column":3}},"40":{"start":{"line":118,"column":25},"end":{"line":122,"column":6}},"41":{"start":{"line":124,"column":4},"end":{"line":126,"column":5}},"42":{"start":{"line":125,"column":6},"end":{"line":125,"column":73}},"43":{"start":{"line":128,"column":4},"end":{"line":128,"column":35}},"44":{"start":{"line":129,"column":4},"end":{"line":129,"column":31}},"45":{"start":{"line":130,"column":4},"end":{"line":130,"column":30}},"46":{"start":{"line":132,"column":4},"end":{"line":132,"column":89}},"47":{"start":{"line":134,"column":4},"end":{"line":134,"column":47}},"48":{"start":{"line":135,"column":4},"end":{"line":135,"column":54}},"49":{"start":{"line":144,"column":0},"end":{"line":192,"column":3}},"50":{"start":{"line":145,"column":2},"end":{"line":191,"column":3}},"51":{"start":{"line":146,"column":39},"end":{"line":146,"column":47}},"52":{"start":{"line":148,"column":4},"end":{"line":150,"column":5}},"53":{"start":{"line":149,"column":6},"end":{"line":149,"column":85}},"54":{"start":{"line":153,"column":51},"end":{"line":157,"column":6}},"55":{"start":{"line":159,"column":4},"end":{"line":159,"column":80}},"56":{"start":{"line":159,"column":18},"end":{"line":159,"column":80}},"57":{"start":{"line":160,"column":4},"end":{"line":160,"column":109}},"58":{"start":{"line":160,"column":27},"end":{"line":160,"column":109}},"59":{"start":{"line":161,"column":4},"end":{"line":161,"column":84}},"60":{"start":{"line":161,"column":20},"end":{"line":161,"column":84}},"61":{"start":{"line":162,"column":4},"end":{"line":162,"column":113}},"62":{"start":{"line":162,"column":35},"end":{"line":162,"column":113}},"63":{"start":{"line":165,"column":26},"end":{"line":165,"column":103}},"64":{"start":{"line":166,"column":4},"end":{"line":166,"column":92}},"65":{"start":{"line":166,"column":23},"end":{"line":166,"column":92}},"66":{"start":{"line":169,"column":21},"end":{"line":174,"column":6}},"67":{"start":{"line":176,"column":4},"end":{"line":178,"column":5}},"68":{"start":{"line":177,"column":6},"end":{"line":177,"column":70}},"69":{"start":{"line":180,"column":4},"end":{"line":185,"column":7}},"70":{"start":{"line":187,"column":4},"end":{"line":187,"column":53}},"71":{"start":{"line":189,"column":4},"end":{"line":189,"column":47}},"72":{"start":{"line":190,"column":4},"end":{"line":190,"column":69}},"73":{"start":{"line":199,"column":0},"end":{"line":231,"column":3}},"74":{"start":{"line":200,"column":2},"end":{"line":230,"column":3}},"75":{"start":{"line":201,"column":31},"end":{"line":201,"column":39}},"76":{"start":{"line":203,"column":20},"end":{"line":205,"column":13}},"77":{"start":{"line":207,"column":4},"end":{"line":207,"column":80}},"78":{"start":{"line":207,"column":18},"end":{"line":207,"column":80}},"79":{"start":{"line":208,"column":4},"end":{"line":208,"column":97}},"80":{"start":{"line":208,"column":35},"end":{"line":208,"column":97}},"81":{"start":{"line":210,"column":21},"end":{"line":210,"column":101}},"82":{"start":{"line":211,"column":4},"end":{"line":211,"column":79}},"83":{"start":{"line":211,"column":18},"end":{"line":211,"column":79}},"84":{"start":{"line":213,"column":4},"end":{"line":216,"column":7}},"85":{"start":{"line":219,"column":4},"end":{"line":224,"column":5}},"86":{"start":{"line":220,"column":6},"end":{"line":223,"column":8}},"87":{"start":{"line":226,"column":4},"end":{"line":226,"column":73}},"88":{"start":{"line":228,"column":4},"end":{"line":228,"column":58}},"89":{"start":{"line":229,"column":4},"end":{"line":229,"column":70}}},"fnMap":{"0":{"name":"(anonymous_0)","decl":{"start":{"line":13,"column":24},"end":{"line":13,"column":25}},"loc":{"start":{"line":14,"column":2},"end":{"line":14,"column":52}},"line":14},"1":{"name":"(anonymous_1)","decl":{"start":{"line":21,"column":25},"end":{"line":21,"column":26}},"loc":{"start":{"line":21,"column":45},"end":{"line":73,"column":1}},"line":21},"2":{"name":"(anonymous_2)","decl":{"start":{"line":34,"column":14},"end":{"line":34,"column":15}},"loc":{"start":{"line":34,"column":19},"end":{"line":34,"column":61}},"line":34},"3":{"name":"(anonymous_3)","decl":{"start":{"line":35,"column":11},"end":{"line":35,"column":12}},"loc":{"start":{"line":35,"column":16},"end":{"line":35,"column":28}},"line":35},"4":{"name":"(anonymous_4)","decl":{"start":{"line":43,"column":22},"end":{"line":43,"column":23}},"loc":{"start":{"line":43,"column":27},"end":{"line":43,"column":70}},"line":43},"5":{"name":"(anonymous_5)","decl":{"start":{"line":47,"column":39},"end":{"line":47,"column":40}},"loc":{"start":{"line":47,"column":44},"end":{"line":65,"column":5}},"line":47},"6":{"name":"(anonymous_6)","decl":{"start":{"line":67,"column":40},"end":{"line":67,"column":41}},"loc":{"start":{"line":67,"column":45},"end":{"line":67,"column":54}},"line":67},"7":{"name":"(anonymous_7)","decl":{"start":{"line":80,"column":33},"end":{"line":80,"column":34}},"loc":{"start":{"line":80,"column":53},"end":{"line":91,"column":1}},"line":80},"8":{"name":"(anonymous_8)","decl":{"start":{"line":98,"column":33},"end":{"line":98,"column":34}},"loc":{"start":{"line":98,"column":53},"end":{"line":109,"column":1}},"line":98},"9":{"name":"(anonymous_9)","decl":{"start":{"line":116,"column":41},"end":{"line":116,"column":42}},"loc":{"start":{"line":116,"column":61},"end":{"line":137,"column":1}},"line":116},"10":{"name":"(anonymous_10)","decl":{"start":{"line":144,"column":32},"end":{"line":144,"column":33}},"loc":{"start":{"line":144,"column":52},"end":{"line":192,"column":1}},"line":144},"11":{"name":"(anonymous_11)","decl":{"start":{"line":199,"column":42},"end":{"line":199,"column":43}},"loc":{"start":{"line":199,"column":62},"end":{"line":231,"column":1}},"line":199}},"branchMap":{"0":{"loc":{"start":{"line":14,"column":2},"end":{"line":14,"column":52}},"type":"binary-expr","locations":[{"start":{"line":14,"column":2},"end":{"line":14,"column":19}},{"start":{"line":14,"column":23},"end":{"line":14,"column":52}}],"line":14},"1":{"loc":{"start":{"line":34,"column":19},"end":{"line":34,"column":61}},"type":"binary-expr","locations":[{"start":{"line":34,"column":19},"end":{"line":34,"column":44}},{"start":{"line":34,"column":48},"end":{"line":34,"column":61}}],"line":34},"2":{"loc":{"start":{"line":38,"column":4},"end":{"line":44,"column":5}},"type":"if","locations":[{"start":{"line":38,"column":4},"end":{"line":44,"column":5}},{"start":{},"end":{}}],"line":38},"3":{"loc":{"start":{"line":48,"column":6},"end":{"line":57,"column":7}},"type":"if","locations":[{"start":{"line":48,"column":6},"end":{"line":57,"column":7}},{"start":{},"end":{}}],"line":48},"4":{"loc":{"start":{"line":48,"column":10},"end":{"line":48,"column":50}},"type":"binary-expr","locations":[{"start":{"line":48,"column":10},"end":{"line":48,"column":37}},{"start":{"line":48,"column":41},"end":{"line":48,"column":50}}],"line":48},"5":{"loc":{"start":{"line":53,"column":22},"end":{"line":53,"column":69}},"type":"binary-expr","locations":[{"start":{"line":53,"column":22},"end":{"line":53,"column":41}},{"start":{"line":53,"column":45},"end":{"line":53,"column":69}}],"line":53},"6":{"loc":{"start":{"line":54,"column":22},"end":{"line":54,"column":77}},"type":"cond-expr","locations":[{"start":{"line":54,"column":49},"end":{"line":54,"column":73}},{"start":{"line":54,"column":76},"end":{"line":54,"column":77}}],"line":54},"7":{"loc":{"start":{"line":58,"column":6},"end":{"line":63,"column":7}},"type":"if","locations":[{"start":{"line":58,"column":6},"end":{"line":63,"column":7}},{"start":{},"end":{}}],"line":58},"8":{"loc":{"start":{"line":58,"column":10},"end":{"line":58,"column":52}},"type":"binary-expr","locations":[{"start":{"line":58,"column":10},"end":{"line":58,"column":35}},{"start":{"line":58,"column":39},"end":{"line":58,"column":52}}],"line":58},"9":{"loc":{"start":{"line":124,"column":4},"end":{"line":126,"column":5}},"type":"if","locations":[{"start":{"line":124,"column":4},"end":{"line":126,"column":5}},{"start":{},"end":{}}],"line":124},"10":{"loc":{"start":{"line":148,"column":4},"end":{"line":150,"column":5}},"type":"if","locations":[{"start":{"line":148,"column":4},"end":{"line":150,"column":5}},{"start":{},"end":{}}],"line":148},"11":{"loc":{"start":{"line":148,"column":8},"end":{"line":148,"column":34}},"type":"binary-expr","locations":[{"start":{"line":148,"column":8},"end":{"line":148,"column":18}},{"start":{"line":148,"column":22},"end":{"line":148,"column":34}}],"line":148},"12":{"loc":{"start":{"line":159,"column":4},"end":{"line":159,"column":80}},"type":"if","locations":[{"start":{"line":159,"column":4},"end":{"line":159,"column":80}},{"start":{},"end":{}}],"line":159},"13":{"loc":{"start":{"line":160,"column":4},"end":{"line":160,"column":109}},"type":"if","locations":[{"start":{"line":160,"column":4},"end":{"line":160,"column":109}},{"start":{},"end":{}}],"line":160},"14":{"loc":{"start":{"line":161,"column":4},"end":{"line":161,"column":84}},"type":"if","locations":[{"start":{"line":161,"column":4},"end":{"line":161,"column":84}},{"start":{},"end":{}}],"line":161},"15":{"loc":{"start":{"line":162,"column":4},"end":{"line":162,"column":113}},"type":"if","locations":[{"start":{"line":162,"column":4},"end":{"line":162,"column":113}},{"start":{},"end":{}}],"line":162},"16":{"loc":{"start":{"line":166,"column":4},"end":{"line":166,"column":92}},"type":"if","locations":[{"start":{"line":166,"column":4},"end":{"line":166,"column":92}},{"start":{},"end":{}}],"line":166},"17":{"loc":{"start":{"line":176,"column":4},"end":{"line":178,"column":5}},"type":"if","locations":[{"start":{"line":176,"column":4},"end":{"line":178,"column":5}},{"start":{},"end":{}}],"line":176},"18":{"loc":{"start":{"line":207,"column":4},"end":{"line":207,"column":80}},"type":"if","locations":[{"start":{"line":207,"column":4},"end":{"line":207,"column":80}},{"start":{},"end":{}}],"line":207},"19":{"loc":{"start":{"line":208,"column":4},"end":{"line":208,"column":97}},"type":"if","locations":[{"start":{"line":208,"column":4},"end":{"line":208,"column":97}},{"start":{},"end":{}}],"line":208},"20":{"loc":{"start":{"line":211,"column":4},"end":{"line":211,"column":79}},"type":"if","locations":[{"start":{"line":211,"column":4},"end":{"line":211,"column":79}},{"start":{},"end":{}}],"line":211},"21":{"loc":{"start":{"line":219,"column":4},"end":{"line":224,"column":5}},"type":"if","locations":[{"start":{"line":219,"column":4},"end":{"line":224,"column":5}},{"start":{},"end":{}}],"line":219}},"s":{"0":0,"1":0,"2":0,"3":0,"4":0,"5":0,"6":0,"7":0,"8":0,"9":0,"10":0,"11":0,"12":0,"13":0,"14":0,"15":0,"16":0,"17":0,"18":0,"19":0,"20":0,"21":0,"22":0,"23":0,"24":0,"25":0,"26":0,"27":0,"28":0,"29":0,"30":0,"31":0,"32":0,"33":0,"34":0,"35":0,"36":0,"37":0,"38":0,"39":0,"40":0,"41":0,"42":0,"43":0,"44":0,"45":0,"46":0,"47":0,"48":0,"49":0,"50":0,"51":0,"52":0,"53":0,"54":0,"55":0,"56":0,"57":0,"58":0,"59":0,"60":0,"61":0,"62":0,"63":0,"64":0,"65":0,"66":0,"67":0,"68":0,"69":0,"70":0,"71":0,"72":0,"73":0,"74":0,"75":0,"76":0,"77":0,"78":0,"79":0,"80":0,"81":0,"82":0,"83":0,"84":0,"85":0,"86":0,"87":0,"88":0,"89":0},"f":{"0":0,"1":0,"2":0,"3":0,"4":0,"5":0,"6":0,"7":0,"8":0,"9":0,"10":0,"11":0},"b":{"0":[0,0],"1":[0,0],"2":[0,0],"3":[0,0],"4":[0,0],"5":[0,0],"6":[0,0],"7":[0,0],"8":[0,0],"9":[0,0],"10":[0,0],"11":[0,0],"12":[0,0],"13":[0,0],"14":[0,0],"15":[0,0],"16":[0,0],"17":[0,0],"18":[0,0],"19":[0,0],"20":[0,0],"21":[0,0]},"inputSourceMap":null}
,"D:\\Capstone\\Scrolla\\server\\routes\\postRoutes.js": {"path":"D:\\Capstone\\Scrolla\\server\\routes\\postRoutes.js","statementMap":{"0":{"start":{"line":17,"column":15},"end":{"line":17,"column":31}},"1":{"start":{"line":20,"column":31},"end":{"line":55,"column":1}},"2":{"start":{"line":21,"column":4},"end":{"line":21,"column":29}},"3":{"start":{"line":21,"column":16},"end":{"line":21,"column":29}},"4":{"start":{"line":24,"column":20},"end":{"line":24,"column":40}},"5":{"start":{"line":25,"column":22},"end":{"line":25,"column":47}},"6":{"start":{"line":26,"column":4},"end":{"line":26,"column":59}},"7":{"start":{"line":26,"column":32},"end":{"line":26,"column":59}},"8":{"start":{"line":29,"column":23},"end":{"line":29,"column":68}},"9":{"start":{"line":29,"column":42},"end":{"line":29,"column":67}},"10":{"start":{"line":31,"column":4},"end":{"line":37,"column":5}},"11":{"start":{"line":32,"column":8},"end":{"line":35,"column":11}},"12":{"start":{"line":33,"column":12},"end":{"line":33,"column":30}},"13":{"start":{"line":34,"column":12},"end":{"line":34,"column":30}},"14":{"start":{"line":36,"column":8},"end":{"line":36,"column":52}},"15":{"start":{"line":39,"column":20},"end":{"line":39,"column":46}},"16":{"start":{"line":39,"column":40},"end":{"line":39,"column":45}},"17":{"start":{"line":41,"column":35},"end":{"line":44,"column":6}},"18":{"start":{"line":46,"column":25},"end":{"line":46,"column":71}},"19":{"start":{"line":46,"column":52},"end":{"line":46,"column":69}},"20":{"start":{"line":47,"column":25},"end":{"line":47,"column":71}},"21":{"start":{"line":47,"column":52},"end":{"line":47,"column":69}},"22":{"start":{"line":49,"column":4},"end":{"line":52,"column":7}},"23":{"start":{"line":50,"column":8},"end":{"line":50,"column":55}},"24":{"start":{"line":51,"column":8},"end":{"line":51,"column":55}},"25":{"start":{"line":54,"column":4},"end":{"line":54,"column":48}},"26":{"start":{"line":60,"column":0},"end":{"line":125,"column":3}},"27":{"start":{"line":61,"column":4},"end":{"line":124,"column":5}},"28":{"start":{"line":62,"column":95},"end":{"line":62,"column":104}},"29":{"start":{"line":65,"column":25},"end":{"line":65,"column":105}},"30":{"start":{"line":66,"column":8},"end":{"line":69,"column":9}},"31":{"start":{"line":67,"column":31},"end":{"line":67,"column":55}},"32":{"start":{"line":68,"column":12},"end":{"line":68,"column":56}},"33":{"start":{"line":68,"column":28},"end":{"line":68,"column":56}},"34":{"start":{"line":72,"column":22},"end":{"line":72,"column":39}},"35":{"start":{"line":74,"column":8},"end":{"line":76,"column":9}},"36":{"start":{"line":75,"column":12},"end":{"line":75,"column":30}},"37":{"start":{"line":78,"column":8},"end":{"line":80,"column":9}},"38":{"start":{"line":79,"column":12},"end":{"line":79,"column":33}},"39":{"start":{"line":83,"column":8},"end":{"line":96,"column":9}},"40":{"start":{"line":84,"column":37},"end":{"line":84,"column":101}},"41":{"start":{"line":85,"column":33},"end":{"line":85,"column":70}},"42":{"start":{"line":85,"column":59},"end":{"line":85,"column":69}},"43":{"start":{"line":88,"column":12},"end":{"line":88,"column":44}},"44":{"start":{"line":90,"column":12},"end":{"line":95,"column":13}},"45":{"start":{"line":91,"column":16},"end":{"line":91,"column":53}},"46":{"start":{"line":94,"column":16},"end":{"line":94,"column":76}},"47":{"start":{"line":98,"column":21},"end":{"line":98,"column":59}},"48":{"start":{"line":100,"column":22},"end":{"line":105,"column":19}},"49":{"start":{"line":107,"column":38},"end":{"line":107,"column":88}},"50":{"start":{"line":109,"column":22},"end":{"line":109,"column":54}},"51":{"start":{"line":111,"column":23},"end":{"line":116,"column":9}},"52":{"start":{"line":118,"column":8},"end":{"line":118,"column":55}},"53":{"start":{"line":118,"column":22},"end":{"line":118,"column":55}},"54":{"start":{"line":120,"column":8},"end":{"line":120,"column":25}},"55":{"start":{"line":122,"column":8},"end":{"line":122,"column":49}},"56":{"start":{"line":123,"column":8},"end":{"line":123,"column":73}},"57":{"start":{"line":130,"column":0},"end":{"line":144,"column":3}},"58":{"start":{"line":131,"column":4},"end":{"line":143,"column":5}},"59":{"start":{"line":132,"column":22},"end":{"line":135,"column":19}},"60":{"start":{"line":137,"column":38},"end":{"line":137,"column":88}},"61":{"start":{"line":139,"column":8},"end":{"line":139,"column":40}},"62":{"start":{"line":141,"column":8},"end":{"line":141,"column":54}},"63":{"start":{"line":142,"column":8},"end":{"line":142,"column":78}},"64":{"start":{"line":149,"column":0},"end":{"line":171,"column":3}},"65":{"start":{"line":150,"column":4},"end":{"line":170,"column":5}},"66":{"start":{"line":151,"column":27},"end":{"line":157,"column":19}},"67":{"start":{"line":160,"column":22},"end":{"line":162,"column":42}},"68":{"start":{"line":161,"column":23},"end":{"line":161,"column":30}},"69":{"start":{"line":162,"column":28},"end":{"line":162,"column":41}},"70":{"start":{"line":164,"column":38},"end":{"line":164,"column":87}},"71":{"start":{"line":166,"column":8},"end":{"line":166,"column":40}},"72":{"start":{"line":168,"column":8},"end":{"line":168,"column":55}},"73":{"start":{"line":169,"column":8},"end":{"line":169,"column":79}},"74":{"start":{"line":176,"column":0},"end":{"line":197,"column":3}},"75":{"start":{"line":177,"column":4},"end":{"line":196,"column":5}},"76":{"start":{"line":178,"column":21},"end":{"line":184,"column":19}},"77":{"start":{"line":186,"column":8},"end":{"line":188,"column":9}},"78":{"start":{"line":187,"column":12},"end":{"line":187,"column":71}},"79":{"start":{"line":190,"column":37},"end":{"line":190,"column":86}},"80":{"start":{"line":192,"column":8},"end":{"line":192,"column":39}},"81":{"start":{"line":194,"column":8},"end":{"line":194,"column":48}},"82":{"start":{"line":195,"column":8},"end":{"line":195,"column":72}},"83":{"start":{"line":202,"column":0},"end":{"line":265,"column":3}},"84":{"start":{"line":209,"column":19},"end":{"line":209,"column":40}},"85":{"start":{"line":210,"column":4},"end":{"line":212,"column":5}},"86":{"start":{"line":211,"column":8},"end":{"line":211,"column":64}},"87":{"start":{"line":214,"column":4},"end":{"line":264,"column":5}},"88":{"start":{"line":215,"column":80},"end":{"line":215,"column":88}},"89":{"start":{"line":218,"column":25},"end":{"line":218,"column":29}},"90":{"start":{"line":219,"column":8},"end":{"line":234,"column":9}},"91":{"start":{"line":220,"column":42},"end":{"line":223,"column":14}},"92":{"start":{"line":225,"column":12},"end":{"line":225,"column":88}},"93":{"start":{"line":225,"column":26},"end":{"line":225,"column":88}},"94":{"start":{"line":226,"column":12},"end":{"line":228,"column":13}},"95":{"start":{"line":227,"column":16},"end":{"line":227,"column":92}},"96":{"start":{"line":229,"column":12},"end":{"line":229,"column":105}},"97":{"start":{"line":229,"column":29},"end":{"line":229,"column":105}},"98":{"start":{"line":230,"column":12},"end":{"line":232,"column":13}},"99":{"start":{"line":231,"column":16},"end":{"line":231,"column":104}},"100":{"start":{"line":233,"column":12},"end":{"line":233,"column":35}},"101":{"start":{"line":236,"column":21},"end":{"line":245,"column":10}},"102":{"start":{"line":242,"column":50},"end":{"line":242,"column":74}},"103":{"start":{"line":248,"column":8},"end":{"line":250,"column":9}},"104":{"start":{"line":249,"column":12},"end":{"line":249,"column":91}},"105":{"start":{"line":252,"column":30},"end":{"line":254,"column":19}},"106":{"start":{"line":257,"column":8},"end":{"line":257,"column":35}},"107":{"start":{"line":258,"column":8},"end":{"line":258,"column":87}},"108":{"start":{"line":260,"column":8},"end":{"line":260,"column":44}},"109":{"start":{"line":262,"column":8},"end":{"line":262,"column":51}},"110":{"start":{"line":263,"column":8},"end":{"line":263,"column":72}},"111":{"start":{"line":270,"column":0},"end":{"line":318,"column":3}},"112":{"start":{"line":276,"column":19},"end":{"line":276,"column":40}},"113":{"start":{"line":277,"column":4},"end":{"line":279,"column":5}},"114":{"start":{"line":278,"column":8},"end":{"line":278,"column":64}},"115":{"start":{"line":281,"column":4},"end":{"line":317,"column":5}},"116":{"start":{"line":282,"column":21},"end":{"line":282,"column":55}},"117":{"start":{"line":284,"column":8},"end":{"line":286,"column":9}},"118":{"start":{"line":285,"column":12},"end":{"line":285,"column":71}},"119":{"start":{"line":289,"column":8},"end":{"line":291,"column":9}},"120":{"start":{"line":290,"column":12},"end":{"line":290,"column":89}},"121":{"start":{"line":293,"column":69},"end":{"line":293,"column":77}},"122":{"start":{"line":296,"column":27},"end":{"line":296,"column":29}},"123":{"start":{"line":297,"column":8},"end":{"line":297,"column":64}},"124":{"start":{"line":297,"column":35},"end":{"line":297,"column":64}},"125":{"start":{"line":298,"column":8},"end":{"line":298,"column":41}},"126":{"start":{"line":298,"column":18},"end":{"line":298,"column":41}},"127":{"start":{"line":299,"column":8},"end":{"line":299,"column":90}},"128":{"start":{"line":299,"column":22},"end":{"line":299,"column":90}},"129":{"start":{"line":299,"column":64},"end":{"line":299,"column":88}},"130":{"start":{"line":300,"column":8},"end":{"line":300,"column":47}},"131":{"start":{"line":300,"column":20},"end":{"line":300,"column":47}},"132":{"start":{"line":301,"column":8},"end":{"line":301,"column":47}},"133":{"start":{"line":301,"column":20},"end":{"line":301,"column":47}},"134":{"start":{"line":302,"column":8},"end":{"line":302,"column":64}},"135":{"start":{"line":302,"column":35},"end":{"line":302,"column":64}},"136":{"start":{"line":304,"colum
[...]
":{"line":18,"column":4},"end":{"line":37,"column":5}},"4":{"start":{"line":19,"column":26},"end":{"line":19,"column":65}},"5":{"start":{"line":20,"column":23},"end":{"line":20,"column":32}},"6":{"start":{"line":22,"column":26},"end":{"line":25,"column":9}},"7":{"start":{"line":27,"column":8},"end":{"line":33,"column":11}},"8":{"start":{"line":35,"column":8},"end":{"line":35,"column":60}},"9":{"start":{"line":36,"column":8},"end":{"line":36,"column":79}},"10":{"start":{"line":43,"column":0},"end":{"line":77,"column":3}},"11":{"start":{"line":44,"column":4},"end":{"line":76,"column":5}},"12":{"start":{"line":45,"column":26},"end":{"line":45,"column":65}},"13":{"start":{"line":46,"column":23},"end":{"line":46,"column":39}},"14":{"start":{"line":49,"column":46},"end":{"line":49,"column":55}},"15":{"start":{"line":50,"column":31},"end":{"line":50,"column":33}},"16":{"start":{"line":51,"column":8},"end":{"line":51,"column":87}},"17":{"start":{"line":51,"column":48},"end":{"line":51,"column":87}},"18":{"start":{"line":52,"column":8},"end":{"line":52,"column":58}},"19":{"start":{"line":52,"column":21},"end":{"line":52,"column":58}},"20":{"start":{"line":53,"column":8},"end":{"line":53,"column":61}},"21":{"start":{"line":53,"column":30},"end":{"line":53,"column":61}},"22":{"start":{"line":54,"column":31},"end":{"line":54,"column":95}},"23":{"start":{"line":57,"column":29},"end":{"line":57,"column":50}},"24":{"start":{"line":58,"column":8},"end":{"line":58,"column":73}},"25":{"start":{"line":58,"column":28},"end":{"line":58,"column":73}},"26":{"start":{"line":60,"column":26},"end":{"line":63,"column":9}},"27":{"start":{"line":65,"column":8},"end":{"line":72,"column":11}},"28":{"start":{"line":74,"column":8},"end":{"line":74,"column":66}},"29":{"start":{"line":75,"column":8},"end":{"line":75,"column":85}},"30":{"start":{"line":82,"column":0},"end":{"line":99,"column":3}},"31":{"start":{"line":83,"column":4},"end":{"line":98,"column":5}},"32":{"start":{"line":84,"column":25},"end":{"line":84,"column":34}},"33":{"start":{"line":85,"column":25},"end":{"line":85,"column":57}},"34":{"start":{"line":87,"column":23},"end":{"line":89,"column":10}},"35":{"start":{"line":91,"column":8},"end":{"line":94,"column":11}},"36":{"start":{"line":96,"column":8},"end":{"line":96,"column":46}},"37":{"start":{"line":97,"column":8},"end":{"line":97,"column":66}}},"fnMap":{"0":{"name":"(anonymous_0)","decl":{"start":{"line":17,"column":34},"end":{"line":17,"column":35}},"loc":{"start":{"line":17,"column":48},"end":{"line":38,"column":1}},"line":17},"1":{"name":"(anonymous_1)","decl":{"start":{"line":43,"column":40},"end":{"line":43,"column":41}},"loc":{"start":{"line":43,"column":54},"end":{"line":77,"column":1}},"line":43},"2":{"name":"(anonymous_2)","decl":{"start":{"line":82,"column":37},"end":{"line":82,"column":38}},"loc":{"start":{"line":82,"column":57},"end":{"line":99,"column":1}},"line":82}},"branchMap":{"0":{"loc":{"start":{"line":51,"column":8},"end":{"line":51,"column":87}},"type":"if","locations":[{"start":{"line":51,"column":8},"end":{"line":51,"column":87}},{"start":{},"end":{}}],"line":51},"1":{"loc":{"start":{"line":51,"column":12},"end":{"line":51,"column":46}},"type":"binary-expr","locations":[{"start":{"line":51,"column":12},"end":{"line":51,"column":21}},{"start":{"line":51,"column":25},"end":{"line":51,"column":46}}],"line":51},"2":{"loc":{"start":{"line":52,"column":8},"end":{"line":52,"column":58}},"type":"if","locations":[{"start":{"line":52,"column":8},"end":{"line":52,"column":58}},{"start":{},"end":{}}],"line":52},"3":{"loc":{"start":{"line":53,"column":8},"end":{"line":53,"column":61}},"type":"if","locations":[{"start":{"line":53,"column":8},"end":{"line":53,"column":61}},{"start":{},"end":{}}],"line":53},"4":{"loc":{"start":{"line":54,"column":31},"end":{"line":54,"column":95}},"type":"cond-expr","locations":[{"start":{"line":54,"column":59},"end":{"line":54,"column":83}},{"start":{"line":54,"column":86},"end":{"line":54,"column":95}}],"line":54},"5":{"loc":{"start":{"line":58,"column":8},"end":{"line":58,"column":73}},"type":"if","locations":[{"start":{"line":58,"column":8},"end":{"line":58,"column":73}},{"start":{},"end":{}}],"line":58},"6":{"loc":{"start":{"line":88,"column":27},"end":{"line":88,"column":42}},"type":"binary-expr","locations":[{"start":{"line":88,"column":27},"end":{"line":88,"column":31}},{"start":{"line":88,"column":35},"end":{"line":88,"column":42}}],"line":88}},"s":{"0":0,"1":0,"2":0,"3":0,"4":0,"5":0,"6":0,"7":0,"8":0,"9":0,"10":0,"11":0,"12":0,"13":0,"14":0,"15":0,"16":0,"17":0,"18":0,"19":0,"20":0,"21":0,"22":0,"23":0,"24":0,"25":0,"26":0,"27":0,"28":0,"29":0,"30":0,"31":0,"32":0,"33":0,"34":0,"35":0,"36":0,"37":0},"f":{"0":0,"1":0,"2":0},"b":{"0":[0,0],"1":[0,0],"2":[0,0],"3":[0,0],"4":[0,0],"5":[0,0],"6":[0,0]},"inputSourceMap":null}
,"D:\\Capstone\\Scrolla\\server\\routes\\userRoutes.js": {"path":"D:\\Capstone\\Scrolla\\server\\routes\\userRoutes.js","statementMap":{"0":{"start":{"line":11,"column":15},"end":{"line":11,"column":31}},"1":{"start":{"line":16,"column":0},"end":{"line":58,"column":3}},"2":{"start":{"line":17,"column":4},"end":{"line":57,"column":5}},"3":{"start":{"line":18,"column":25},"end":{"line":18,"column":76}},"4":{"start":{"line":19,"column":27},"end":{"line":19,"column":51}},"5":{"start":{"line":20,"column":8},"end":{"line":20,"column":52}},"6":{"start":{"line":20,"column":24},"end":{"line":20,"column":52}},"7":{"start":{"line":22,"column":33},"end":{"line":22,"column":97}},"8":{"start":{"line":23,"column":29},"end":{"line":23,"column":77}},"9":{"start":{"line":23,"column":55},"end":{"line":23,"column":76}},"10":{"start":{"line":25,"column":27},"end":{"line":25,"column":69}},"11":{"start":{"line":27,"column":22},"end":{"line":33,"column":15}},"12":{"start":{"line":36,"column":24},"end":{"line":36,"column":45}},"13":{"start":{"line":36,"column":39},"end":{"line":36,"column":44}},"14":{"start":{"line":37,"column":31},"end":{"line":40,"column":10}},"15":{"start":{"line":42,"column":25},"end":{"line":44,"column":9}},"16":{"start":{"line":43,"column":36},"end":{"line":43,"column":63}},"17":{"start":{"line":46,"column":23},"end":{"line":49,"column":11}},"18":{"start":{"line":46,"column":39},"end":{"line":49,"column":9}},"19":{"start":{"line":51,"column":8},"end":{"line":51,"column":46}},"20":{"start":{"line":53,"column":8},"end":{"line":53,"column":25}},"21":{"start":{"line":55,"column":8},"end":{"line":55,"column":59}},"22":{"start":{"line":56,"column":8},"end":{"line":56,"column":83}},"23":{"start":{"line":63,"column":0},"end":{"line":99,"column":3}},"24":{"start":{"line":64,"column":4},"end":{"line":98,"column":5}},"25":{"start":{"line":65,"column":25},"end":{"line":65,"column":63}},"26":{"start":{"line":66,"column":8},"end":{"line":69,"column":9}},"27":{"start":{"line":67,"column":31},"end":{"line":67,"column":55}},"28":{"start":{"line":68,"column":12},"end":{"line":68,"column":56}},"29":{"start":{"line":68,"column":28},"end":{"line":68,"column":56}},"30":{"start":{"line":71,"column":21},"end":{"line":73,"column":19}},"31":{"start":{"line":75,"column":8},"end":{"line":77,"column":9}},"32":{"start":{"line":76,"column":12},"end":{"line":76,"column":71}},"33":{"start":{"line":79,"column":67},"end":{"line":83,"column":10}},"34":{"start":{"line":85,"column":23},"end":{"line":90,"column":9}},"35":{"start":{"line":92,"column":8},"end":{"line":92,"column":60}},"36":{"start":{"line":92,"column":23},"end":{"line":92,"column":60}},"37":{"start":{"line":94,"column":8},"end":{"line":94,"column":25}},"38":{"start":{"line":96,"column":8},"end":{"line":96,"column":48}},"39":{"start":{"line":97,"column":8},"end":{"line":97,"column":72}},"40":{"start":{"line":104,"column":0},"end":{"line":148,"column":3}},"41":{"start":{"line":112,"column":19},"end":{"line":112,"column":40}},"42":{"start":{"line":113,"column":4},"end":{"line":115,"column":5}},"43":{"start":{"line":114,"column":8},"end":{"line":114,"column":64}},"44":{"start":{"line":117,"column":4},"end":{"line":147,"column":5}},"45":{"start":{"line":119,"column":8},"end":{"line":121,"column":9}},"46":{"start":{"line":120,"column":12},"end":{"line":120,"column":94}},"47":{"start":{"line":123,"column":67},"end":{"line":123,"column":75}},"48":{"start":{"line":124,"column":29},"end":{"line":124,"column":31}},"49":{"start":{"line":126,"column":8},"end":{"line":126,"column":55}},"50":{"start":{"line":126,"column":22},"end":{"line":126,"column":55}},"51":{"start":{"line":127,"column":8},"end":{"line":127,"column":54}},"52":{"start":{"line":127,"column":31},"end":{"line":127,"column":54}},"53":{"start":{"line":128,"column":8},"end":{"line":128,"column":49}},"54":{"start":{"line":128,"column":20},"end":{"line":128,"column":49}},"55":{"start":{"line":129,"column":8},"end":{"line":129,"column":69}},"56":{"start":{"line":129,"column":36},"end":{"line":129,"column":69}},"57":{"start":{"line":130,"column":8},"end":{"line":130,"column":66}},"58":{"start":{"line":130,"column":35},"end":{"line":130,"column":66}},"59":{"start":{"line":131,"column":8},"end":{"line":131,"column":57}},"60":{"start":{"line":131,"column":32},"end":{"line":131,"column":57}},"61":{"start":{"line":133,"column":21},"end":{"line":137,"column":29}},"62":{"start":{"line":139,"column":8},"end":{"line":139,"column":50}},"63":{"start":{"line":140,"column":8},"end":{"line":140,"column":35}},"64":{"start":{"line":141,"column":8},"end":{"line":141,"column":92}},"65":{"start":{"line":143,"column":8},"end":{"line":143,"column":23}},"66":{"start":{"line":145,"column":8},"end":{"line":145,"column":51}},"67":{"start":{"line":146,"column":8},"end":{"line":146,"column":75}},"68":{"start":{"line":153,"column":0},"end":{"line":197,"column":3}},"69":{"start":{"line":154,"column":4},"end":{"line":196,"column":5}},"70":{"start":{"line":155,"column":29},"end":{"line":155,"column":63}},"71":{"start":{"line":157,"column":8},"end":{"line":159,"column":9}},"72":{"start":{"line":158,"column":12},"end":{"line":158,"column":71}},"73":{"start":{"line":162,"column":8},"end":{"line":164,"column":9}},"74":{"start":{"line":163,"column":12},"end":{"line":163,"column":83}},"75":{"start":{"line":167,"column":31},"end":{"line":170,"column":10}},"76":{"start":{"line":172,"column":8},"end":{"line":174,"column":9}},"77":{"start":{"line":173,"column":12},"end":{"line":173,"column":84}},"78":{"start":{"line":177,"column":8},"end":{"line":180,"column":11}},"79":{"start":{"line":183,"column":8},"end":{"line":187,"column":10}},"80":{"start":{"line":189,"column":8},"end":{"line":189,"column":50}},"81":{"start":{"line":190,"column":8},"end":{"line":190,"column":65}},"82":{"start":{"line":192,"column":8},"end":{"line":192,"column":60}},"83":{"start":{"line":194,"column":8},"end":{"line":194,"column":46}},"84":{"start":{"line":195,"column":8},"end":{"line":195,"column":73}},"85":{"start":{"line":202,"column":0},"end":{"line":228,"column":3}},"86":{"start":{"line":203,"column":4},"end":{"line":227,"column":5}},"87":{"start":{"line":204,"column":30},"end":{"line":207,"column":10}},"88":{"start":{"line":209,"column":8},"end":{"line":211,"column":9}},"89":{"start":{"line":210,"column":12},"end":{"line":210,"column":80}},"90":{"start":{"line":214,"column":8},"end":{"line":218,"column":11}},"91":{"start":{"line":220,"column":8},"end":{"line":220,"column":50}},"92":{"start":{"line":221,"column":8},"end":{"line":221,"column":65}},"93":{"start":{"line":223,"column":8},"end":{"line":223,"column":62}},"94":{"start":{"line":225,"column":8},"end":{"line":225,"column":48}},"95":{"start":{"line":226,"column":8},"end":{"line":226,"column":75}},"96":{"start":{"line":233,"column":0},"end":{"line":245,"column":3}},"97":{"start":{"line":234,"column":4},"end":{"line":244,"column":5}},"98":{"start":{"line":235,"column":26},"end":{"line":238,"column":19}},"99":{"start":{"line":240,"column":8},"end":{"line":240,"column":65}},"100":{"start":{"line":240,"column":36},"end":{"line":240,"column":46}},"101":{"start":{"line":242,"column":8},"end":{"line":242,"column":53}},"102":{"start":{"line":243,"column":8},"end":{"line":243,"column":77}},"103":{"start":{"line":250,"column":0},"end":{"line":262,"column":3}},"104":{"start":{"line":251,"column":4},"end":{"line":261,"column":5}},"105":{"start":{"line":252,"column":26},"end":{"line":255,"column":19}},"106":{"start":{"line":257,"column":8},"end":{"line":257,"column":65}},"107":{"start":{"line":257,"column":36},"end":{"line":257,"column":46}},"108":{"start":{"line":259,"column":8},"end":{"line":259,"column":53}},"109":{"start":{"line":260,"column":8},"end":{"line":260,"column":77}}},"fnMap":{"0":{"name":"(anonymous_0)","decl":{"start":{"line":16,"column":34},"end":{"line":16,"column":35}},"loc":{"start":{"line":16,"column":54},"end":{"line":58,"column":1}},"line":16},"1":{"name":"(anonymous_1)","decl":{"start":{"line":23,"column":50},"end":{"line":23,"column":51}},"loc":{"start":{"line":23,"column":55},"end":{"line":23,"column":76}},"line":23},"2":{"name":"(anonymous_2)","decl":{"start":{"line":36,"column":34},"end":{"line":36,"column":35}},"loc":{"start":{"line":36,"column":39},"end":{"line":36,"column":44}},"line":36},"3":{"name":"(anonymous_3)","decl":{"start":{"line":43,"column":31},"end":{"line":43,"column":32}},"loc":{"start":{"line":43,"column":36},"end":{"line":43,"column":63}},"line":43},"4":{"name":"(anonymous_4)","decl":{"start":{"line":46,"column":33},"end":{"line":46,"column":34}},"loc":{"start":{"line":46,"column":39},"end":{"line":49,"column":9}},"line":46},"5":{"name":"(anonymous_5)","decl":{"start":{"line":63,"column":33},"end":{"line":63,"column":34}},"loc":{"start":{"line":63,"column":53},"end":{"line":99,"column":1}},"line":63},"6":{"name":"(anonymous_6)","decl":{"start":{"line":111,"column":3},"end":{"line":111,"column":4}},"loc":{"start":{"line":111,"column":23},"end":{"line":148,"column":1}},"line":111},"7":{"name":"(anonymous_7)","decl":{"start":{"line":153,"column":36},"end":{"line":153,"column":37}},"loc":{"start":{"line":153,"column":56},"end":{"line":197,"column":1}},"line":153},"8":{"name":"(anonymous_8)","decl":{"start":{"line":202,"column":38},"end":{"line":202,"column":39}},"loc":{"start":{"line":202,"column":58},"end":{"line":228,"column":1}},"line":202},"9":{"name":"(anonymous_9)","decl":{"start":{"line":233,"column":29},"end":{"line":233,"column":30}},"loc":{"start":{"line":233,"column":49},"end":{"line":245,"column":1}},"line":233},"10":{"name":"(anonymous_10)","decl":{"start":{"line":240,"column":31},"end":{"line":240,"column":32}},"loc":{"start":{"line":240,"column":36},"end":{"line":240,"column":46}},"line":240},"11":{"name":"(anonymous_11)","decl":{"start":{"line":250,"column":29},"end":{"line":250,"column":30}},"loc":{"start":{"line":250,"column":49},"end":{"line":262,"column":1}},"line":250},"12":{"name":"(anonymous_12)","decl":{"start":{"line":257,"column":31},"end":{"line":257,"column":32}},"loc":{"start":{"line":257,"column":36},"end":{"line":257,"column":46}},"line":257}},"branchMap":{"0":{"loc":{"start":{"line":20,"column":8},"end":{"line":20,"column":52}},"type":"if","locations":[{"start":{"line":20,"column":8},"end":{"line":20,"column":52}},{"start":{},"end":{}}],"line":20},"1":{"loc":{"start":{"line":48,"column":27},"end":{"line":48,"column":58}},"type":"binary-expr","locations":[{"start":{"line":48,"column":27},"end":{"line":48,"column":53}},{"start":{"line":48,"column":57},"end":{"line":48,"column":58}}],"line":48},"2":{"loc":{"start":{"line":66,"column":8},"end":{"line":69,"column":9}},"type":"if","locations":[{"start":{"line":66,"column":8},"end":{"line":69,"column":9}},{"start":{},"end":{}}],"line":66},"3":{"loc":{"start":{"line":68,"column":12},"end":{"line":68,"column":56}},"type":"if","locations":[{"start":{"line":68,"column":12},"end":{"line":68,"column":56}},{"start":{},"end":{}}],"line":68},"4":{"loc":{"start":{"line":75,"column":8},"end":{"line":77,"column":9}},"type":"if","locations":[{"start":{"line":75,"column":8},"end":{"line":77,"column":9}},{"start":{},"end":{}}],"line":75},"5":{"loc":{"start":{"line":82,"column":12},"end":{"line":82,"column":108}},"type":"cond-expr","locations":[{"start":{"line":82,"column":23},"end":{"line":82,"column":84}},{"start":{"line":82,"column":87},"end":{"line":82,"column":108}}],"line":82},"6":{"loc":{"start":{"line":92,"column":8},"end":{"line":92,"column":60}},"type":"if","locations":[{"start":{"line":92,"column":8},"end":{"line":92,"column":60}},{"start":{},"end":{}}],"line":92},"7":{"loc":{"start":{"line":113,"column":4},"end":{"line":115,"column":5}},"type":"if","locations":[{"start":{"line":113,"column":4},"end":{"line":115,"column":5}},{"start":{},"end":{}}],"line":113},"8":{"loc":{"start":{"line":119,"column":8},"end":{"line":121,"column":9}},"type":"if","locations":[{"start":{"line":119,"column":8},"end":{"line":121,"column":9}},{"start":{},"end":{}}],"line":119},"9":{"loc":{"start":{"line":126,"column":8},"end":{"line":126,"column":55}},"type":"if","locations":[{"start":{"line":126,"column":8},"end":{"line":126,"column":55}},{"start":{},"end":{}}],"line":126},"10":{"loc":{"start":{"line":127,"column":8},"end":{"line":127,"column":54}},"type":"if","locations":[{"start":{"line":127,"column":8},"end":{"line":127,"column":54}},{"start":{},"end":{}}],"line":127},"11":{"loc":{"start":{"line":128,"column":8},"end":{"line":128,"column":49}},"type":"if","locations":[{"start":{"line":128,"column":8},"end":{"line":128,"column":49}},{"start":{},"end":{}}],"line":128},"12":{"loc":{"start":{"line":129,"column":8},"end":{"line":129,"column":69}},"type":"if","locations":[{"start":{"line":129,"column":8},"end":{"line":129,"column":69}},{"start":{},"end":{}}],"line":129},"13":{"loc":{"start":{"line":130,"column":8},"end":{"line":130,"column":66}},"type":"if","locations":[{"start":{"line":130,"column":8},"end":{"line":130,"column":66}},{"start":{},"end":{}}],"line":130},"14":{"loc":{"start":{"line":131,"column":8},"end":{"line":131,"column":57}},"type":"if","locations":[{"start":{"line":131,"column":8},"end":{"line":131,"column":57}},{"start":{},"end":{}}],"line":131},"15":{"loc":{"start":{"line":157,"column":8},"end":{"line":159,"column":9}},"type":"if","locations":[{"start":{"line":157,"column":8},"end":{"line":159,"column":9}},{"start":{},"end":{}}],"line":157},"16":{"loc":{"start":{"line":162,"column":8},"end":{"line":164,"column":9}},"type":"if","locations":[{"start":{"line":162,"column":8},"end":{"line":164,"column":9}},{"start":{},"end":{}}],"line":162},"17":{"loc":{"start":{"line":172,"column":8},"end":{"line":174,"column":9}},"type":"if","locations":[{"start":{"line":172,"column":8},"end":{"line":174,"column":9}},{"start":{},"end":{}}],"line":172},"18":{"loc":{"start":{"line":209,"column":8},"end":{"line":211,"column":9}},"type":"if","locations":[{"start":{"line":209,"column":8},"end":{"line":211,"column":9}},{"start":{},"end":{}}],"line":209}},"s":{"0":0,"1":0,"2":0,"3":0,"4":0,"5":0,"6":0,"7":0,"8":0,"9":0,"10":0,"11":0,"12":0,"13":0,"14":0,"15":0,"16":0,"17":0,"18":0,"19":0,"20":0,"21":0,"22":0,"23":0,"24":0,"25":0,"26":0,"27":0,"28":0,"29":0,"30":0,"31":0,"32":0,"33":0,"34":0,"35":0,"36":0,"37":0,"38":0,"39":0,"40":0,"41":0,"42":0,"43":0,"44":0,"45":0,"46":0,"47":0,"48":0,"49":0,"50":0,"51":0,"52":0,"53":0,"54":0,"55":0,"56":0,"57":0,"58":0,"59":0,"60":0,"61":0,"62":0,"63":0,"64":0,"65":0,"66":0,"67":0,"68":0,"69":0,"70":0,"71":0,"72":0,"73":0,"74":0,"75":0,"76":0,"77":0,"78":0,"79":0,"80":0,"81":0,"82":0,"83":0,"84":0,"85":0,"86":0,"87":0,"88":0,"89":0,"90":0,"91":0,"92":0,"93":0,"94":0,"95":0,"96":0,"97":0,"98":0,"99":0,"100":0,"101":0,"102":0,"103":0,"104":0,"105":0,"106":0,"107":0,"108":0,"109":0},"f":{"0":0,"1":0,"2":0,"3":0,"4":0,"5":0,"6":0,"7":0,"8":0,"9":0,"10":0,"11":0,"12":0},"b":{"0":[0,0],"1":[0,0],"2":[0,0],"3":[0,0],"4":[0,0],"5":[0,0],"6":[0,0],"7":[0,0],"8":[0,0],"9":[0,0],"10":[0,0],"11":[0,0],"12":[0,0],"13":[0,0],"14":[0,0],"15":[0,0],"16":[0,0],"17":[0,0],"18":[0,0]},"inputSourceMap":null}
}
