TN:
SF:middleware\auth.js
FN:4,(anonymous_0)
FNF:1
FNH:0
FNDA:0,(anonymous_0)
DA:4,0
DA:8,0
DA:9,0
DA:11,0
DA:14,0
DA:17,0
DA:19,0
DA:20,0
DA:23,0
DA:25,0
DA:26,0
DA:28,0
DA:29,0
LF:13
LH:0
BRDA:8,0,0,0
BRDA:8,0,1,0
BRDA:8,1,0,0
BRDA:8,1,1,0
BRDA:19,2,0,0
BRDA:19,2,1,0
BRDA:28,3,0,0
BRDA:28,3,1,0
BRF:8
BRH:0
end_of_record
TN:
SF:middleware\optionalAuth.js
FN:10,(anonymous_0)
FNF:1
FNH:0
FNDA:0,(anonymous_0)
DA:10,0
DA:11,0
DA:12,0
DA:13,0
DA:14,0
DA:15,0
DA:19,0
DA:21,0
LF:8
LH:0
BRDA:12,0,0,0
BRDA:12,0,1,0
BRDA:12,1,0,0
BRDA:12,1,1,0
BRF:4
BRH:0
end_of_record
TN:
SF:middleware\rateLimiter.js
FNF:0
FNH:0
DA:4,0
DA:13,0
LF:2
LH:0
BRF:0
BRH:0
end_of_record
TN:
SF:models\Comment.js
FNF:0
FNH:0
DA:3,0
DA:24,0
DA:26,0
LF:3
LH:0
BRF:0
BRH:0
end_of_record
TN:
SF:models\FocusSession.js
FNF:0
FNH:0
DA:3,0
DA:44,0
DA:46,0
LF:3
LH:0
BRF:0
BRH:0
end_of_record
TN:
SF:models\Follow.js
FNF:0
FNH:0
DA:3,0
DA:19,0
DA:21,0
DA:22,0
DA:24,0
LF:5
LH:0
BRF:0
BRH:0
end_of_record
TN:
SF:models\HiddenPost.js
FNF:0
FNH:0
DA:3,0
DA:18,0
DA:19,0
DA:21,0
LF:4
LH:0
BRF:0
BRH:0
end_of_record
TN:
SF:models\Journey.js
FNF:0
FNH:0
DA:3,0
DA:44,0
DA:46,0
LF:3
LH:0
BRF:0
BRH:0
end_of_record
TN:
SF:models\JourneyHistory.js
FNF:0
FNH:0
DA:5,0
DA:34,0
DA:36,0
DA:38,0
LF:4
LH:0
BRF:0
BRH:0
end_of_record
TN:
SF:models\JourneyMember.js
FNF:0
FNH:0
DA:3,0
DA:25,0
DA:27,0
DA:29,0
DA:31,0
LF:5
LH:0
BRF:0
BRH:0
end_of_record
TN:
SF:models\Like.js
FNF:0
FNH:0
DA:3,0
DA:19,0
DA:21,0
DA:22,0
DA:24,0
LF:5
LH:0
BRF:0
BRH:0
end_of_record
TN:
SF:models\MoodLog.js
FNF:0
FNH:0
DA:3,1
DA:4,1
DA:6,1
DA:51,1
DA:62,1
DA:73,1
LF:6
LH:6
BRF:0
BRH:0
end_of_record
TN:
SF:models\Notification.js
FNF:0
FNH:0
DA:3,0
DA:47,0
DA:49,0
LF:3
LH:0
BRF:0
BRH:0
end_of_record
TN:
SF:models\Post.js
FNF:0
FNH:0
DA:3,1
DA:69,1
DA:70,1
DA:71,1
DA:72,1
DA:73,1
DA:75,1
LF:7
LH:7
BRF:0
BRH:0
end_of_record
TN:
SF:models\ReportedPost.js
FNF:0
FNH:0
DA:3,0
DA:22,0
DA:23,0
DA:25,0
LF:4
LH:0
BRF:0
BRH:0
end_of_record
TN:
SF:models\SavedPost.js
FNF:0
FNH:0
DA:3,0
DA:18,0
DA:19,0
DA:21,0
LF:4
LH:0
BRF:0
BRH:0
end_of_record
TN:
SF:models\SharedJourney.js
FN:71,(anonymous_0)
FN:82,(anonymous_1)
FNF:2
FNH:0
FNDA:0,(anonymous_0)
FNDA:0,(anonymous_1)
DA:4,0
DA:71,0
DA:72,0
DA:76,0
DA:77,0
DA:78,0
DA:79,0
DA:82,0
DA:83,0
DA:86,0
LF:10
LH:0
BRDA:72,0,0,0
BRDA:72,0,1,0
BRF:2
BRH:0
end_of_record
TN:
SF:models\User.js
FN:62,(anonymous_0)
FN:77,(anonymous_1)
FN:82,(anonymous_2)
FNF:3
FNH:2
FNDA:65,(anonymous_0)
FNDA:2,(anonymous_1)
FNDA:0,(anonymous_2)
DA:4,3
DA:62,3
DA:63,65
DA:64,0
DA:67,65
DA:68,65
DA:69,65
DA:70,65
DA:72,0
DA:77,3
DA:78,2
DA:82,3
DA:83,0
DA:84,0
DA:85,0
DA:88,3
LF:16
LH:11
BRDA:63,0,0,0
BRDA:63,0,1,65
BRF:2
BRH:1
end_of_record
TN:
SF:routes\authRoutes.js
FN:12,(anonymous_0)
FN:25,(anonymous_1)
FN:70,(anonymous_2)
FN:118,(anonymous_3)
FN:221,(anonymous_4)
FN:282,(anonymous_5)
FNF:6
FNH:0
FNDA:0,(anonymous_0)
FNDA:0,(anonymous_1)
FNDA:0,(anonymous_2)
FNDA:0,(anonymous_3)
FNDA:0,(anonymous_4)
FNDA:0,(anonymous_5)
DA:9,0
DA:12,0
DA:13,0
DA:21,0
DA:26,0
DA:27,0
DA:28,0
DA:31,0
DA:32,0
DA:35,0
DA:36,0
DA:37,0
DA:41,0
DA:42,0
DA:50,0
DA:59,0
DA:60,0
DA:67,0
DA:71,0
DA:72,0
DA:73,0
DA:76,0
DA:77,0
DA:80,0
DA:81,0
DA:82,0
DA:86,0
DA:87,0
DA:94,0
DA:95,0
DA:96,0
DA:100,0
DA:110,0
DA:111,0
DA:118,0
DA:119,0
DA:120,0
DA:122,0
DA:123,0
DA:127,0
DA:129,0
DA:130,0
DA:133,0
DA:136,0
DA:138,0
DA:140,0
DA:141,0
DA:154,0
DA:156,0
DA:159,0
DA:181,0
DA:187,0
DA:188,0
DA:189,0
DA:192,0
DA:200,0
DA:202,0
DA:213,0
DA:214,0
DA:221,0
DA:222,0
DA:223,0
DA:225,0
DA:226,0
DA:230,0
DA:232,0
DA:233,0
DA:236,0
DA:239,0
DA:240,0
DA:241,0
DA:245,0
DA:248,0
DA:249,0
DA:253,0
DA:260,0
DA:262,0
DA:274,0
DA:275,0
DA:282,0
DA:283,0
DA:284,0
DA:288,0
DA:301,0
DA:302,0
LF:85
LH:0
BRDA:27,0,0,0
BRDA:27,0,1,0
BRDA:36,1,0,0
BRDA:36,1,1,0
BRDA:72,2,0,0
BRDA:72,2,1,0
BRDA:81,3,0,0
BRDA:81,3,1,0
BRDA:86,4,0,0
BRDA:86,4,1,0
BRDA:95,5,0,0
BRDA:95,5,1,0
BRDA:122,6,0,0
BRDA:122,6,1,0
BRDA:129,7,0,0
BRDA:129,7,1,0
BRDA:138,8,0,0
BRDA:138,8,1,0
BRDA:156,9,0,0
BRDA:156,9,1,0
BRDA:188,10,0,0
BRDA:188,10,1,0
BRDA:196,11,0,0
BRDA:196,11,1,0
BRDA:225,12,0,0
BRDA:225,12,1,0
BRDA:225,13,0,0
BRDA:225,13,1,0
BRDA:232,14,0,0
BRDA:232,14,1,0
BRDA:240,15,0,0
BRDA:240,15,1,0
BRDA:248,16,0,0
BRDA:248,16,1,0
BRDA:248,17,0,0
BRDA:248,17,1,0
BRDA:248,17,2,0
BRF:37
BRH:0
end_of_record
TN:
SF:routes\commentRoutes.js
FN:12,(anonymous_0)
FN:30,(anonymous_1)
FN:78,(anonymous_2)
FN:112,(anonymous_3)
FN:128,(anonymous_4)
FNF:5
FNH:0
FNDA:0,(anonymous_0)
FNDA:0,(anonymous_1)
FNDA:0,(anonymous_2)
FNDA:0,(anonymous_3)
FNDA:0,(anonymous_4)
DA:7,0
DA:12,0
DA:13,0
DA:14,0
DA:18,0
DA:20,0
DA:21,0
DA:28,0
DA:31,0
DA:32,0
DA:33,0
DA:34,0
DA:35,0
DA:38,0
DA:39,0
DA:41,0
DA:42,0
DA:45,0
DA:52,0
DA:53,0
DA:57,0
DA:58,0
DA:59,0
DA:60,0
DA:63,0
DA:66,0
DA:68,0
DA:69,0
DA:76,0
DA:79,0
DA:80,0
DA:81,0
DA:84,0
DA:85,0
DA:87,0
DA:88,0
DA:92,0
DA:93,0
DA:96,0
DA:97,0
DA:99,0
DA:102,0
DA:104,0
DA:105,0
DA:112,0
DA:113,0
DA:114,0
DA:116,0
DA:117,0
DA:121,0
DA:122,0
DA:126,0
DA:127,0
DA:128,0
DA:129,0
DA:130,0
DA:133,0
DA:135,0
DA:137,0
DA:138,0
LF:60
LH:0
BRDA:34,0,0,0
BRDA:34,0,1,0
BRDA:41,1,0,0
BRDA:41,1,1,0
BRDA:52,2,0,0
BRDA:52,2,1,0
BRDA:80,3,0,0
BRDA:80,3,1,0
BRDA:87,4,0,0
BRDA:87,4,1,0
BRDA:92,5,0,0
BRDA:92,5,1,0
BRDA:116,6,0,0
BRDA:116,6,1,0
BRDA:121,7,0,0
BRDA:121,7,1,0
BRDA:127,8,0,0
BRDA:127,8,1,0
BRF:18
BRH:0
end_of_record
TN:
SF:routes\focusSessionRoutes.js
FN:15,(anonymous_0)
FN:41,(anonymous_1)
FN:73,(anonymous_2)
FNF:3
FNH:0
FNDA:0,(anonymous_0)
FNDA:0,(anonymous_1)
FNDA:0,(anonymous_2)
DA:6,0
DA:11,0
DA:16,0
DA:17,0
DA:18,0
DA:21,0
DA:22,0
DA:24,0
DA:31,0
DA:33,0
DA:34,0
DA:41,0
DA:42,0
DA:43,0
DA:45,0
DA:46,0
DA:49,0
DA:50,0
DA:53,0
DA:63,0
DA:65,0
DA:66,0
DA:73,0
DA:74,0
DA:75,0
DA:82,0
DA:84,0
DA:85,0
LF:28
LH:0
BRDA:17,0,0,0
BRDA:17,0,1,0
BRDA:45,1,0,0
BRDA:45,1,1,0
BRDA:49,2,0,0
BRDA:49,2,1,0
BRDA:58,3,0,0
BRDA:58,3,1,0
BRF:8
BRH:0
end_of_record
TN:
SF:routes\journeyRoutes.js
FN:15,(anonymous_0)
FN:41,(anonymous_1)
FN:72,(anonymous_2)
FNF:3
FNH:0
FNDA:0,(anonymous_0)
FNDA:0,(anonymous_1)
FNDA:0,(anonymous_2)
DA:6,0
DA:11,0
DA:16,0
DA:17,0
DA:18,0
DA:21,0
DA:22,0
DA:24,0
DA:31,0
DA:33,0
DA:34,0
DA:41,0
DA:42,0
DA:43,0
DA:45,0
DA:46,0
DA:50,0
DA:51,0
DA:54,0
DA:55,0
DA:56,0
DA:57,0
DA:60,0
DA:62,0
DA:64,0
DA:65,0
DA:72,0
DA:73,0
DA:74,0
DA:78,0
DA:80,0
DA:81,0
LF:32
LH:0
BRDA:17,0,0,0
BRDA:17,0,1,0
BRDA:45,1,0,0
BRDA:45,1,1,0
BRDA:50,2,0,0
BRDA:50,2,1,0
BRDA:56,3,0,0
BRDA:56,3,1,0
BRF:8
BRH:0
end_of_record
TN:
SF:routes\moodRoutes.js
FN:7,getISTDateString
FN:16,getISTNow
FN:21,getCurrentISTWeekDates
FN:28,(anonymous_3)
FN:36,(anonymous_4)
FN:62,(anonymous_5)
FN:73,(anonymous_6)
FN:78,(anonymous_7)
FN:84,(anonymous_8)
FN:109,(anonymous_9)
FN:114,(anonymous_10)
FN:119,(anonymous_11)
FN:122,(anonymous_12)
FN:124,(anonymous_13)
FN:167,(anonymous_14)
FN:208,(anonymous_15)
FNF:16
FNH:0
FNDA:0,getISTDateString
FNDA:0,getISTNow
FNDA:0,getCurrentISTWeekDates
FNDA:0,(anonymous_3)
FNDA:0,(anonymous_4)
FNDA:0,(anonymous_5)
FNDA:0,(anonymous_6)
FNDA:0,(anonymous_7)
FNDA:0,(anonymous_8)
FNDA:0,(anonymous_9)
FNDA:0,(anonymous_10)
FNDA:0,(anonymous_11)
FNDA:0,(anonymous_12)
FNDA:0,(anonymous_13)
FNDA:0,(anonymous_14)
FNDA:0,(anonymous_15)
DA:5,0
DA:8,0
DA:10,0
DA:11,0
DA:12,0
DA:13,0
DA:17,0
DA:18,0
DA:22,0
DA:23,0
DA:24,0
DA:25,0
DA:26,0
DA:28,0
DA:29,0
DA:30,0
DA:31,0
DA:36,0
DA:37,0
DA:38,0
DA:39,0
DA:41,0
DA:42,0
DA:45,0
DA:56,0
DA:57,0
DA:62,0
DA:63,0
DA:64,0
DA:66,0
DA:72,0
DA:73,0
DA:74,0
DA:75,0
DA:78,0
DA:79,0
DA:80,0
DA:84,0
DA:101,0
DA:103,0
DA:104,0
DA:109,0
DA:110,0
DA:111,0
DA:114,0
DA:115,0
DA:118,0
DA:119,0
DA:121,0
DA:122,0
DA:123,0
DA:124,0
DA:128,0
DA:129,0
DA:130,0
DA:131,0
DA:132,0
DA:133,0
DA:139,0
DA:140,0
DA:142,0
DA:143,0
DA:144,0
DA:145,0
DA:146,0
DA:149,0
DA:154,0
DA:161,0
DA:162,0
DA:167,0
DA:168,0
DA:169,0
DA:170,0
DA:172,0
DA:175,0
DA:176,0
DA:181,0
DA:191,0
DA:202,0
DA:203,0
DA:208,0
DA:209,0
DA:210,0
DA:211,0
DA:212,0
DA:214,0
LF:86
LH:0
BRDA:41,0,0,0
BRDA:41,0,1,0
BRDA:74,1,0,0
BRDA:74,1,1,0
BRDA:79,2,0,0
BRDA:79,2,1,0
BRDA:95,3,0,0
BRDA:95,3,1,0
BRDA:96,4,0,0
BRDA:96,4,1,0
BRDA:97,5,0,0
BRDA:97,5,1,0
BRDA:122,6,0,0
BRDA:122,6,1,0
BRDA:123,7,0,0
BRDA:123,7,1,0
BRDA:129,8,0,0
BRDA:129,8,1,0
BRDA:144,9,0,0
BRDA:144,9,1,0
BRDA:157,10,0,0
BRDA:157,10,1,0
BRDA:170,11,0,0
BRDA:170,11,1,0
BRDA:184,12,0,0
BRDA:184,12,1,0
BRDA:185,13,0,0
BRDA:185,13,1,0
BRDA:186,14,0,0
BRDA:186,14,1,0
BRDA:188,15,0,0
BRDA:188,15,1,0
BRF:32
BRH:0
end_of_record
TN:
SF:routes\notificationRoutes.js
FN:13,(anonymous_0)
FN:21,(anonymous_1)
FN:34,(anonymous_2)
FN:35,(anonymous_3)
FN:43,(anonymous_4)
FN:47,(anonymous_5)
FN:67,(anonymous_6)
FN:80,(anonymous_7)
FN:98,(anonymous_8)
FN:116,(anonymous_9)
FN:144,(anonymous_10)
FN:199,(anonymous_11)
FNF:12
FNH:0
FNDA:0,(anonymous_0)
FNDA:0,(anonymous_1)
FNDA:0,(anonymous_2)
FNDA:0,(anonymous_3)
FNDA:0,(anonymous_4)
FNDA:0,(anonymous_5)
FNDA:0,(anonymous_6)
FNDA:0,(anonymous_7)
FNDA:0,(anonymous_8)
FNDA:0,(anonymous_9)
FNDA:0,(anonymous_10)
FNDA:0,(anonymous_11)
DA:10,0
DA:13,0
DA:14,0
DA:21,0
DA:22,0
DA:23,0
DA:30,0
DA:33,0
DA:34,0
DA:35,0
DA:37,0
DA:38,0
DA:39,0
DA:43,0
DA:47,0
DA:48,0
DA:49,0
DA:58,0
DA:59,0
DA:64,0
DA:67,0
DA:68,0
DA:70,0
DA:71,0
DA:80,0
DA:81,0
DA:82,0
DA:86,0
DA:88,0
DA:89,0
DA:98,0
DA:99,0
DA:100,0
DA:104,0
DA:106,0
DA:107,0
DA:116,0
DA:117,0
DA:118,0
DA:124,0
DA:125,0
DA:128,0
DA:129,0
DA:130,0
DA:132,0
DA:134,0
DA:135,0
DA:144,0
DA:145,0
DA:146,0
DA:148,0
DA:149,0
DA:153,0
DA:159,0
DA:160,0
DA:161,0
DA:162,0
DA:165,0
DA:166,0
DA:169,0
DA:176,0
DA:177,0
DA:180,0
DA:187,0
DA:189,0
DA:190,0
DA:199,0
DA:200,0
DA:201,0
DA:203,0
DA:207,0
DA:208,0
DA:210,0
DA:211,0
DA:213,0
DA:219,0
DA:220,0
DA:226,0
DA:228,0
DA:229,0
LF:80
LH:0
BRDA:14,0,0,0
BRDA:14,0,1,0
BRDA:34,1,0,0
BRDA:34,1,1,0
BRDA:38,2,0,0
BRDA:38,2,1,0
BRDA:48,3,0,0
BRDA:48,3,1,0
BRDA:48,4,0,0
BRDA:48,4,1,0
BRDA:53,5,0,0
BRDA:53,5,1,0
BRDA:54,6,0,0
BRDA:54,6,1,0
BRDA:58,7,0,0
BRDA:58,7,1,0
BRDA:58,8,0,0
BRDA:58,8,1,0
BRDA:124,9,0,0
BRDA:124,9,1,0
BRDA:148,10,0,0
BRDA:148,10,1,0
BRDA:148,11,0,0
BRDA:148,11,1,0
BRDA:159,12,0,0
BRDA:159,12,1,0
BRDA:160,13,0,0
BRDA:160,13,1,0
BRDA:161,14,0,0
BRDA:161,14,1,0
BRDA:162,15,0,0
BRDA:162,15,1,0
BRDA:166,16,0,0
BRDA:166,16,1,0
BRDA:176,17,0,0
BRDA:176,17,1,0
BRDA:207,18,0,0
BRDA:207,18,1,0
BRDA:208,19,0,0
BRDA:208,19,1,0
BRDA:211,20,0,0
BRDA:211,20,1,0
BRDA:219,21,0,0
BRDA:219,21,1,0
BRF:44
BRH:0
end_of_record
TN:
SF:routes\postRoutes.js
FN:20,(anonymous_0)
FN:29,(anonymous_1)
FN:32,(anonymous_2)
FN:39,(anonymous_3)
FN:46,(anonymous_4)
FN:47,(anonymous_5)
FN:49,(anonymous_6)
FN:60,(anonymous_7)
FN:85,(anonymous_8)
FN:130,(anonymous_9)
FN:149,(anonymous_10)
FN:161,(anonymous_11)
FN:162,(anonymous_12)
FN:176,(anonymous_13)
FN:208,(anonymous_14)
FN:242,(anonymous_15)
FN:275,(anonymous_16)
FN:299,(anonymous_17)
FN:323,(anonymous_18)
FN:337,(anonymous_19)
FN:405,(anonymous_20)
FN:443,(anonymous_21)
FN:478,(anonymous_22)
FN:509,(anonymous_23)
FNF:24
FNH:0
FNDA:0,(anonymous_0)
FNDA:0,(anonymous_1)
FNDA:0,(anonymous_2)
FNDA:0,(anonymous_3)
FNDA:0,(anonymous_4)
FNDA:0,(anonymous_5)
FNDA:0,(anonymous_6)
FNDA:0,(anonymous_7)
FNDA:0,(anonymous_8)
FNDA:0,(anonymous_9)
FNDA:0,(anonymous_10)
FNDA:0,(anonymous_11)
FNDA:0,(anonymous_12)
FNDA:0,(anonymous_13)
FNDA:0,(anonymous_14)
FNDA:0,(anonymous_15)
FNDA:0,(anonymous_16)
FNDA:0,(anonymous_17)
FNDA:0,(anonymous_18)
FNDA:0,(anonymous_19)
FNDA:0,(anonymous_20)
FNDA:0,(anonymous_21)
FNDA:0,(anonymous_22)
FNDA:0,(anonymous_23)
DA:17,0
DA:20,0
DA:21,0
DA:24,0
DA:25,0
DA:26,0
DA:29,0
DA:31,0
DA:32,0
DA:33,0
DA:34,0
DA:36,0
DA:39,0
DA:41,0
DA:46,0
DA:47,0
DA:49,0
DA:50,0
DA:51,0
DA:54,0
DA:60,0
DA:61,0
DA:62,0
DA:65,0
DA:66,0
DA:67,0
DA:68,0
DA:72,0
DA:74,0
DA:75,0
DA:78,0
DA:79,0
DA:83,0
DA:84,0
DA:85,0
DA:88,0
DA:90,0
DA:91,0
DA:94,0
DA:98,0
DA:100,0
DA:107,0
DA:109,0
DA:111,0
DA:118,0
DA:120,0
DA:122,0
DA:123,0
DA:130,0
DA:131,0
DA:132,0
DA:137,0
DA:139,0
DA:141,0
DA:142,0
DA:149,0
DA:150,0
DA:151,0
DA:160,0
DA:161,0
DA:162,0
DA:164,0
DA:166,0
DA:168,0
DA:169,0
DA:176,0
DA:177,0
DA:178,0
DA:186,0
DA:187,0
DA:190,0
DA:192,0
DA:194,0
DA:195,0
DA:202,0
DA:209,0
DA:210,0
DA:211,0
DA:214,0
DA:215,0
DA:218,0
DA:219,0
DA:220,0
DA:225,0
DA:226,0
DA:227,0
DA:229,0
DA:230,0
DA:231,0
DA:233,0
DA:236,0
DA:242,0
DA:248,0
DA:249,0
DA:252,0
DA:257,0
DA:258,0
DA:260,0
DA:262,0
DA:263,0
DA:270,0
DA:276,0
DA:277,0
DA:278,0
DA:281,0
DA:282,0
DA:284,0
DA:285,0
DA:289,0
DA:290,0
DA:293,0
DA:296,0
DA:297,0
DA:298,0
DA:299,0
DA:300,0
DA:301,0
DA:302,0
DA:304,0
DA:311,0
DA:313,0
DA:315,0
DA:316,0
DA:323,0
DA:324,0
DA:325,0
DA:327,0
DA:328,0
DA:332,0
DA:333,0
DA:337,0
DA:338,0
DA:339,0
DA:340,0
DA:341,0
DA:342,0
DA:343,0
DA:345,0
DA:350,0
DA:351,0
DA:358,0
DA:359,0
DA:361,0
DA:362,0
DA:363,0
DA:364,0
DA:365,0
DA:367,0
DA:374,0
DA:375,0
DA:376,0
DA:377,0
DA:378,0
DA:379,0
DA:380,0
DA:382,0
DA:389,0
DA:392,0
DA:393,0
DA:395,0
DA:397,0
DA:398,0
DA:405,0
DA:406,0
DA:407,0
DA:409,0
DA:410,0
DA:413,0
DA:418,0
DA:420,0
DA:421,0
DA:422,0
DA:423,0
DA:426,0
DA:430,0
DA:431,0
DA:432,0
DA:435,0
DA:436,0
DA:443,0
DA:444,0
DA:445,0
DA:446,0
DA:448,0
DA:449,0
DA:452,0
DA:457,0
DA:459,0
DA:460,0
DA:463,0
DA:467,0
DA:470,0
DA:471,0
DA:478,0
DA:479,0
DA:480,0
DA:481,0
DA:483,0
DA:484,0
DA:487,0
DA:492,0
DA:493,0
DA:499,0
DA:501,0
DA:502,0
DA:509,0
DA:510,0
DA:511,0
DA:512,0
DA:514,0
DA:515,0
DA:518,0
DA:523,0
DA:524,0
DA:530,0
DA:532,0
DA:533,0
LF:217
LH:0
BRDA:21,0,0,0
BRDA:21,0,1,0
BRDA:25,1,0,0
BRDA:25,1,1,0
BRDA:26,2,0,0
BRDA:26,2,1,0
BRDA:26,3,0,0
BRDA:26,3,1,0
BRDA:29,4,0,0
BRDA:29,4,1,0
BRDA:31,5,0,0
BRDA:31,5,1,0
BRDA:36,6,0,0
BRDA:36,6,1,0
BRDA:54,7,0,0
BRDA:54,7,1,0
BRDA:62,8,0,0
BRDA:62,9,0,0
BRDA:62,10,0,0
BRDA:62,11,0,0
BRDA:62,12,0,0
BRDA:65,13,0,0
BRDA:65,13,1,0
BRDA:65,14,0,0
BRDA:65,14,1,0
BRDA:66,15,0,0
BRDA:66,15,1,0
BRDA:68,16,0,0
BRDA:68,16,1,0
BRDA:74,17,0,0
BRDA:74,17,1,0
BRDA:74,18,0,0
BRDA:74,18,1,0
BRDA:78,19,0,0
BRDA:78,19,1,0
BRDA:83,20,0,0
BRDA:83,20,1,0
BRDA:83,21,0,0
BRDA:83,21,1,0
BRDA:90,22,0,0
BRDA:90,22,1,0
BRDA:118,23,0,0
BRDA:118,23,1,0
BRDA:186,24,0,0
BRDA:186,24,1,0
BRDA:210,25,0,0
BRDA:210,25,1,0
BRDA:219,26,0,0
BRDA:219,26,1,0
BRDA:225,27,0,0
BRDA:225,27,1,0
BRDA:226,28,0,0
BRDA:226,28,1,0
BRDA:226,29,0,0
BRDA:226,29,1,0
BRDA:229,30,0,0
BRDA:229,30,1,0
BRDA:230,31,0,0
BRDA:230,31,1,0
BRDA:230,32,0,0
BRDA:230,32,1,0
BRDA:239,33,0,0
BRDA:239,33,1,0
BRDA:240,34,0,0
BRDA:240,34,1,0
BRDA:242,35,0,0
BRDA:242,35,1,0
BRDA:243,36,0,0
BRDA:243,36,1,0
BRDA:248,37,0,0
BRDA:248,37,1,0
BRDA:277,38,0,0
BRDA:277,38,1,0
BRDA:284,39,0,0
BRDA:284,39,1,0
BRDA:289,40,0,0
BRDA:289,40,1,0
BRDA:297,41,0,0
BRDA:297,41,1,0
BRDA:298,42,0,0
BRDA:298,42,1,0
BRDA:299,43,0,0
BRDA:299,43,1,0
BRDA:300,44,0,0
BRDA:300,44,1,0
BRDA:301,45,0,0
BRDA:301,45,1,0
BRDA:302,46,0,0
BRDA:302,46,1,0
BRDA:327,47,0,0
BRDA:327,47,1,0
BRDA:332,48,0,0
BRDA:332,48,1,0
BRDA:340,49,0,0
BRDA:340,49,1,0
BRDA:358,50,0,0
BRDA:358,50,1,0
BRDA:358,51,0,0
BRDA:358,51,1,0
BRDA:361,52,0,0
BRDA:361,52,1,0
BRDA:362,53,0,0
BRDA:362,53,1,0
BRDA:374,54,0,0
BRDA:374,54,1,0
BRDA:374,55,0,0
BRDA:374,55,1,0
BRDA:376,56,0,0
BRDA:376,56,1,0
BRDA:377,57,0,0
BRDA:377,57,1,0
BRDA:409,58,0,0
BRDA:409,58,1,0
BRDA:418,59,0,0
BRDA:418,59,1,0
BRDA:448,60,0,0
BRDA:448,60,1,0
BRDA:457,61,0,0
BRDA:457,61,1,0
BRDA:483,62,0,0
BRDA:483,62,1,0
BRDA:492,63,0,0
BRDA:492,63,1,0
BRDA:514,64,0,0
BRDA:514,64,1,0
BRDA:523,65,0,0
BRDA:523,65,1,0
BRF:127
BRH:0
end_of_record
TN:
SF:routes\sharedJourneyRoutes.js
FN:13,(anonymous_0)
FN:17,(anonymous_1)
FN:30,(anonymous_2)
FN:36,(anonymous_3)
FN:39,(anonymous_4)
FN:74,(anonymous_5)
FN:120,(anonymous_6)
FN:136,(anonymous_7)
FN:167,(anonymous_8)
FN:172,(anonymous_9)
FN:175,(anonymous_10)
FN:199,(anonymous_11)
FN:207,(anonymous_12)
FN:209,(anonymous_13)
FN:217,(anonymous_14)
FN:235,(anonymous_15)
FN:255,(anonymous_16)
FN:304,(anonymous_17)
FN:335,(anonymous_18)
FN:367,(anonymous_19)
FN:394,(anonymous_20)
FN:422,(anonymous_21)
FN:456,(anonymous_22)
FNF:23
FNH:0
FNDA:0,(anonymous_0)
FNDA:0,(anonymous_1)
FNDA:0,(anonymous_2)
FNDA:0,(anonymous_3)
FNDA:0,(anonymous_4)
FNDA:0,(anonymous_5)
FNDA:0,(anonymous_6)
FNDA:0,(anonymous_7)
FNDA:0,(anonymous_8)
FNDA:0,(anonymous_9)
FNDA:0,(anonymous_10)
FNDA:0,(anonymous_11)
FNDA:0,(anonymous_12)
FNDA:0,(anonymous_13)
FNDA:0,(anonymous_14)
FNDA:0,(anonymous_15)
FNDA:0,(anonymous_16)
FNDA:0,(anonymous_17)
FNDA:0,(anonymous_18)
FNDA:0,(anonymous_19)
FNDA:0,(anonymous_20)
FNDA:0,(anonymous_21)
FNDA:0,(anonymous_22)
DA:10,0
DA:13,0
DA:14,0
DA:17,0
DA:18,0
DA:21,0
DA:24,0
DA:28,0
DA:30,0
DA:31,0
DA:35,0
DA:36,0
DA:39,0
DA:52,0
DA:56,0
DA:58,0
DA:66,0
DA:75,0
DA:76,0
DA:78,0
DA:79,0
DA:82,0
DA:83,0
DA:86,0
DA:95,0
DA:96,0
DA:99,0
DA:102,0
DA:108,0
DA:110,0
DA:111,0
DA:120,0
DA:121,0
DA:122,0
DA:123,0
DA:124,0
DA:126,0
DA:128,0
DA:130,0
DA:133,0
DA:134,0
DA:136,0
DA:138,0
DA:145,0
DA:147,0
DA:148,0
DA:153,0
DA:165,0
DA:166,0
DA:167,0
DA:168,0
DA:172,0
DA:175,0
DA:181,0
DA:188,0
DA:189,0
DA:199,0
DA:200,0
DA:202,0
DA:207,0
DA:208,0
DA:209,0
DA:211,0
DA:216,0
DA:217,0
DA:223,0
DA:225,0
DA:226,0
DA:235,0
DA:236,0
DA:237,0
DA:243,0
DA:245,0
DA:246,0
DA:255,0
DA:256,0
DA:257,0
DA:261,0
DA:263,0
DA:264,0
DA:267,0
DA:268,0
DA:269,0
DA:275,0
DA:276,0
DA:287,0
DA:294,0
DA:295,0
DA:304,0
DA:305,0
DA:306,0
DA:310,0
DA:311,0
DA:312,0
DA:315,0
DA:316,0
DA:318,0
DA:323,0
DA:325,0
DA:326,0
DA:335,0
DA:336,0
DA:337,0
DA:338,0
DA:340,0
DA:344,0
DA:345,0
DA:347,0
DA:348,0
DA:350,0
DA:355,0
DA:357,0
DA:358,0
DA:367,0
DA:368,0
DA:369,0
DA:374,0
DA:375,0
DA:377,0
DA:382,0
DA:384,0
DA:385,0
DA:394,0
DA:395,0
DA:396,0
DA:400,0
DA:401,0
DA:402,0
DA:404,0
DA:405,0
DA:408,0
DA:410,0
DA:412,0
DA:413,0
DA:422,0
DA:423,0
DA:425,0
DA:430,0
DA:431,0
DA:433,0
DA:434,0
DA:436,0
DA:444,0
DA:446,0
DA:447,0
DA:456,0
DA:457,0
DA:458,0
DA:463,0
DA:465,0
DA:472,0
DA:474,0
DA:475,0
LF:153
LH:0
BRDA:14,0,0,0
BRDA:14,0,1,0
BRDA:28,1,0,0
BRDA:28,1,1,0
BRDA:45,2,0,0
BRDA:45,2,1,0
BRDA:76,3,0,0
BRDA:76,3,1,0
BRDA:82,4,0,0
BRDA:82,4,1,0
BRDA:89,5,0,0
BRDA:89,5,1,0
BRDA:90,6,0,0
BRDA:90,6,1,0
BRDA:95,7,0,0
BRDA:95,7,1,0
BRDA:122,8,0,0
BRDA:122,9,0,0
BRDA:122,10,0,0
BRDA:128,11,0,0
BRDA:128,11,1,0
BRDA:133,12,0,0
BRDA:133,12,1,0
BRDA:147,13,0,0
BRDA:147,13,1,0
BRDA:166,14,0,0
BRDA:166,14,1,0
BRDA:166,15,0,0
BRDA:166,15,1,0
BRDA:177,16,0,0
BRDA:177,16,1,0
BRDA:219,17,0,0
BRDA:219,17,1,0
BRDA:261,18,0,0
BRDA:261,18,1,0
BRDA:264,19,0,0
BRDA:264,19,1,0
BRDA:268,20,0,0
BRDA:268,20,1,0
BRDA:275,21,0,0
BRDA:275,21,1,0
BRDA:275,22,0,0
BRDA:275,22,1,0
BRDA:291,23,0,0
BRDA:291,23,1,0
BRDA:310,24,0,0
BRDA:310,24,1,0
BRDA:311,25,0,0
BRDA:311,25,1,0
BRDA:312,26,0,0
BRDA:312,26,1,0
BRDA:316,27,0,0
BRDA:316,27,1,0
BRDA:338,28,0,0
BRDA:338,28,1,0
BRDA:344,29,0,0
BRDA:344,29,1,0
BRDA:345,30,0,0
BRDA:345,30,1,0
BRDA:348,31,0,0
BRDA:348,31,1,0
BRDA:374,32,0,0
BRDA:374,32,1,0
BRDA:375,33,0,0
BRDA:375,33,1,0
BRDA:400,34,0,0
BRDA:400,34,1,0
BRDA:401,35,0,0
BRDA:401,35,1,0
BRDA:404,36,0,0
BRDA:404,36,1,0
BRDA:404,37,0,0
BRDA:404,37,1,0
BRDA:430,38,0,0
BRDA:430,38,1,0
BRDA:431,39,0,0
BRDA:431,39,1,0
BRDA:433,40,0,0
BRDA:433,41,0,0
BRDA:463,42,0,0
BRDA:463,42,1,0
BRF:81
BRH:0
end_of_record
TN:
SF:routes\uploadRoutes.js
FN:17,(anonymous_0)
FN:43,(anonymous_1)
FN:82,(anonymous_2)
FNF:3
FNH:0
FNDA:0,(anonymous_0)
FNDA:0,(anonymous_1)
FNDA:0,(anonymous_2)
DA:5,0
DA:8,0
DA:17,0
DA:18,0
DA:19,0
DA:20,0
DA:22,0
DA:27,0
DA:35,0
DA:36,0
DA:43,0
DA:44,0
DA:45,0
DA:46,0
DA:49,0
DA:50,0
DA:51,0
DA:52,0
DA:53,0
DA:54,0
DA:57,0
DA:58,0
DA:60,0
DA:65,0
DA:74,0
DA:75,0
DA:82,0
DA:83,0
DA:84,0
DA:85,0
DA:87,0
DA:91,0
DA:96,0
DA:97,0
LF:34
LH:0
BRDA:51,0,0,0
BRDA:51,0,1,0
BRDA:51,1,0,0
BRDA:51,1,1,0
BRDA:52,2,0,0
BRDA:52,2,1,0
BRDA:53,3,0,0
BRDA:53,3,1,0
BRDA:54,4,0,0
BRDA:54,4,1,0
BRDA:58,5,0,0
BRDA:58,5,1,0
BRDA:88,6,0,0
BRDA:88,6,1,0
BRF:14
BRH:0
end_of_record
TN:
SF:routes\userRoutes.js
FN:16,(anonymous_0)
FN:23,(anonymous_1)
FN:36,(anonymous_2)
FN:43,(anonymous_3)
FN:46,(anonymous_4)
FN:63,(anonymous_5)
FN:111,(anonymous_6)
FN:153,(anonymous_7)
FN:202,(anonymous_8)
FN:233,(anonymous_9)
FN:240,(anonymous_10)
FN:250,(anonymous_11)
FN:257,(anonymous_12)
FNF:13
FNH:0
FNDA:0,(anonymous_0)
FNDA:0,(anonymous_1)
FNDA:0,(anonymous_2)
FNDA:0,(anonymous_3)
FNDA:0,(anonymous_4)
FNDA:0,(anonymous_5)
FNDA:0,(anonymous_6)
FNDA:0,(anonymous_7)
FNDA:0,(anonymous_8)
FNDA:0,(anonymous_9)
FNDA:0,(anonymous_10)
FNDA:0,(anonymous_11)
FNDA:0,(anonymous_12)
DA:11,0
DA:16,0
DA:17,0
DA:18,0
DA:19,0
DA:20,0
DA:22,0
DA:23,0
DA:25,0
DA:27,0
DA:36,0
DA:37,0
DA:42,0
DA:43,0
DA:46,0
DA:51,0
DA:53,0
DA:55,0
DA:56,0
DA:63,0
DA:64,0
DA:65,0
DA:66,0
DA:67,0
DA:68,0
DA:71,0
DA:75,0
DA:76,0
DA:79,0
DA:85,0
DA:92,0
DA:94,0
DA:96,0
DA:97,0
DA:104,0
DA:112,0
DA:113,0
DA:114,0
DA:117,0
DA:119,0
DA:120,0
DA:123,0
DA:124,0
DA:126,0
DA:127,0
DA:128,0
DA:129,0
DA:130,0
DA:131,0
DA:133,0
DA:139,0
DA:140,0
DA:141,0
DA:143,0
DA:145,0
DA:146,0
DA:153,0
DA:154,0
DA:155,0
DA:157,0
DA:158,0
DA:162,0
DA:163,0
DA:167,0
DA:172,0
DA:173,0
DA:177,0
DA:183,0
DA:189,0
DA:190,0
DA:192,0
DA:194,0
DA:195,0
DA:202,0
DA:203,0
DA:204,0
DA:209,0
DA:210,0
DA:214,0
DA:220,0
DA:221,0
DA:223,0
DA:225,0
DA:226,0
DA:233,0
DA:234,0
DA:235,0
DA:240,0
DA:242,0
DA:243,0
DA:250,0
DA:251,0
DA:252,0
DA:257,0
DA:259,0
DA:260,0
LF:96
LH:0
BRDA:20,0,0,0
BRDA:20,0,1,0
BRDA:48,1,0,0
BRDA:48,1,1,0
BRDA:66,2,0,0
BRDA:66,2,1,0
BRDA:68,3,0,0
BRDA:68,3,1,0
BRDA:75,4,0,0
BRDA:75,4,1,0
BRDA:82,5,0,0
BRDA:82,5,1,0
BRDA:92,6,0,0
BRDA:92,6,1,0
BRDA:113,7,0,0
BRDA:113,7,1,0
BRDA:119,8,0,0
BRDA:119,8,1,0
BRDA:126,9,0,0
BRDA:126,9,1,0
BRDA:127,10,0,0
BRDA:127,10,1,0
BRDA:128,11,0,0
BRDA:128,11,1,0
BRDA:129,12,0,0
BRDA:129,12,1,0
BRDA:130,13,0,0
BRDA:130,13,1,0
BRDA:131,14,0,0
BRDA:131,14,1,0
BRDA:157,15,0,0
BRDA:157,15,1,0
BRDA:162,16,0,0
BRDA:162,16,1,0
BRDA:172,17,0,0
BRDA:172,17,1,0
BRDA:209,18,0,0
BRDA:209,18,1,0
BRF:38
BRH:0
end_of_record
